[0.017s] Invoking command in '/home/toffanetto/subjects/im420x/micro-ros/build/command_stm32_leds': CMAKE_PREFIX_PATH=/opt/ros/humble /usr/bin/cmake /home/toffanetto/subjects/im420x/micro-ros/command_stm32_leds -DCMAKE_INSTALL_PREFIX=/home/toffanetto/subjects/im420x/micro-ros/install/command_stm32_leds
[0.177s] -- The C compiler identification is GNU 11.4.0
[0.340s] -- The CXX compiler identification is GNU 11.4.0
[0.357s] -- Detecting C compiler ABI info
[0.493s] -- Detecting C compiler ABI info - done
[0.504s] -- Check for working C compiler: /usr/bin/cc - skipped
[0.505s] -- Detecting C compile features
[0.506s] -- Detecting C compile features - done
[0.511s] -- Detecting CXX compiler ABI info
[0.653s] -- Detecting CXX compiler ABI info - done
[0.662s] -- Check for working CXX compiler: /usr/bin/c++ - skipped
[0.663s] -- Detecting CXX compile features
[0.663s] -- Detecting CXX compile features - done
[0.669s] -- Found ament_cmake: 1.3.10 (/opt/ros/humble/share/ament_cmake/cmake)
[1.179s] -- Found Python3: /usr/bin/python3 (found version "3.10.12") found components: Interpreter 
[1.325s] -- Found std_msgs: 4.2.4 (/opt/ros/humble/share/std_msgs/cmake)
[1.394s] -- Found rosidl_generator_c: 3.1.5 (/opt/ros/humble/share/rosidl_generator_c/cmake)
[1.403s] -- Found rosidl_adapter: 3.1.5 (/opt/ros/humble/share/rosidl_adapter/cmake)
[1.416s] -- Found rosidl_generator_cpp: 3.1.5 (/opt/ros/humble/share/rosidl_generator_cpp/cmake)
[1.436s] -- Using all available rosidl_typesupport_c: rosidl_typesupport_fastrtps_c;rosidl_typesupport_introspection_c
[1.461s] -- Using all available rosidl_typesupport_cpp: rosidl_typesupport_fastrtps_cpp;rosidl_typesupport_introspection_cpp
[1.502s] -- Found ament_lint_auto: 0.12.11 (/opt/ros/humble/share/ament_lint_auto/cmake)
[1.615s] -- Added test 'cppcheck' to perform static code analysis on C / C++ code
[1.616s] -- Configured cppcheck include dirs: $<BUILD_INTERFACE:/home/toffanetto/subjects/im420x/micro-ros/command_stm32_leds/include>
[1.616s] -- Configured cppcheck exclude dirs and/or files: 
[1.616s] -- Added test 'lint_cmake' to check CMake code style
[1.618s] -- Added test 'uncrustify' to check C / C++ code style
[1.618s] -- Configured uncrustify additional arguments: 
[1.619s] -- Added test 'xmllint' to check XML markup files
[1.621s] -- Configuring done
[1.629s] -- Generating done
[1.631s] -- Build files have been written to: /home/toffanetto/subjects/im420x/micro-ros/build/command_stm32_leds
[1.643s] Invoked command in '/home/toffanetto/subjects/im420x/micro-ros/build/command_stm32_leds' returned '0': CMAKE_PREFIX_PATH=/opt/ros/humble /usr/bin/cmake /home/toffanetto/subjects/im420x/micro-ros/command_stm32_leds -DCMAKE_INSTALL_PREFIX=/home/toffanetto/subjects/im420x/micro-ros/install/command_stm32_leds
[1.650s] Invoking command in '/home/toffanetto/subjects/im420x/micro-ros/build/command_stm32_leds': CMAKE_PREFIX_PATH=/opt/ros/humble /usr/bin/cmake --build /home/toffanetto/subjects/im420x/micro-ros/build/command_stm32_leds -- -j48 -l48
[1.737s] [ 50%] [32mBuilding CXX object CMakeFiles/command_stm32_leds_node.dir/src/command_stm32_leds_node.cpp.o[0m
[1.863s] [01m[K/home/toffanetto/subjects/im420x/micro-ros/command_stm32_leds/src/command_stm32_leds_node.cpp:7:10:[m[K [01;31m[Kfatal error: [m[Krclcpp/rclcpp.hpp: No such file or directory
[1.863s]     7 | #include [01;31m[K"rclcpp/rclcpp.hpp"[m[K
[1.863s]       |          [01;31m[K^~~~~~~~~~~~~~~~~~~[m[K
[1.864s] compilation terminated.
[1.866s] gmake[2]: *** [CMakeFiles/command_stm32_leds_node.dir/build.make:76: CMakeFiles/command_stm32_leds_node.dir/src/command_stm32_leds_node.cpp.o] Error 1
[1.867s] gmake[1]: *** [CMakeFiles/Makefile2:137: CMakeFiles/command_stm32_leds_node.dir/all] Error 2
[1.867s] gmake: *** [Makefile:146: all] Error 2
[1.872s] Invoked command in '/home/toffanetto/subjects/im420x/micro-ros/build/command_stm32_leds' returned '2': CMAKE_PREFIX_PATH=/opt/ros/humble /usr/bin/cmake --build /home/toffanetto/subjects/im420x/micro-ros/build/command_stm32_leds -- -j48 -l48
