[0.018s] Invoking command in '/home/toffanetto/subjects/im420x/micro-ros/build/command_stm32_leds': CMAKE_PREFIX_PATH=/opt/ros/humble /usr/bin/cmake --build /home/toffanetto/subjects/im420x/micro-ros/build/command_stm32_leds -- -j48 -l48
[0.097s] [35m[1mConsolidate compiler generated dependencies of target command_stm32_leds_node[0m
[0.127s] [ 50%] [32mBuilding CXX object CMakeFiles/command_stm32_leds_node.dir/src/command_stm32_leds_node.cpp.o[0m
[3.807s] [100%] [32m[1mLinking CXX executable command_stm32_leds_node[0m
[3.979s] [100%] Built target command_stm32_leds_node
[4.002s] Invoked command in '/home/toffanetto/subjects/im420x/micro-ros/build/command_stm32_leds' returned '0': CMAKE_PREFIX_PATH=/opt/ros/humble /usr/bin/cmake --build /home/toffanetto/subjects/im420x/micro-ros/build/command_stm32_leds -- -j48 -l48
[4.083s] Invoking command in '/home/toffanetto/subjects/im420x/micro-ros/build/command_stm32_leds': CMAKE_PREFIX_PATH=/opt/ros/humble /usr/bin/cmake --install /home/toffanetto/subjects/im420x/micro-ros/build/command_stm32_leds
[4.098s] -- Install configuration: ""
[4.098s] -- Installing: /home/toffanetto/subjects/im420x/micro-ros/install/command_stm32_leds/lib/command_stm32_leds/command_stm32_leds_node
[4.099s] -- Set runtime path of "/home/toffanetto/subjects/im420x/micro-ros/install/command_stm32_leds/lib/command_stm32_leds/command_stm32_leds_node" to ""
[4.099s] -- Installing: /home/toffanetto/subjects/im420x/micro-ros/install/command_stm32_leds/share/ament_index/resource_index/package_run_dependencies/command_stm32_leds
[4.099s] -- Installing: /home/toffanetto/subjects/im420x/micro-ros/install/command_stm32_leds/share/ament_index/resource_index/parent_prefix_path/command_stm32_leds
[4.099s] -- Installing: /home/toffanetto/subjects/im420x/micro-ros/install/command_stm32_leds/share/command_stm32_leds/environment/ament_prefix_path.sh
[4.099s] -- Installing: /home/toffanetto/subjects/im420x/micro-ros/install/command_stm32_leds/share/command_stm32_leds/environment/ament_prefix_path.dsv
[4.099s] -- Installing: /home/toffanetto/subjects/im420x/micro-ros/install/command_stm32_leds/share/command_stm32_leds/environment/path.sh
[4.100s] -- Installing: /home/toffanetto/subjects/im420x/micro-ros/install/command_stm32_leds/share/command_stm32_leds/environment/path.dsv
[4.100s] -- Installing: /home/toffanetto/subjects/im420x/micro-ros/install/command_stm32_leds/share/command_stm32_leds/local_setup.bash
[4.100s] -- Installing: /home/toffanetto/subjects/im420x/micro-ros/install/command_stm32_leds/share/command_stm32_leds/local_setup.sh
[4.100s] -- Installing: /home/toffanetto/subjects/im420x/micro-ros/install/command_stm32_leds/share/command_stm32_leds/local_setup.zsh
[4.100s] -- Installing: /home/toffanetto/subjects/im420x/micro-ros/install/command_stm32_leds/share/command_stm32_leds/local_setup.dsv
[4.100s] -- Installing: /home/toffanetto/subjects/im420x/micro-ros/install/command_stm32_leds/share/command_stm32_leds/package.dsv
[4.101s] -- Installing: /home/toffanetto/subjects/im420x/micro-ros/install/command_stm32_leds/share/ament_index/resource_index/packages/command_stm32_leds
[4.101s] -- Installing: /home/toffanetto/subjects/im420x/micro-ros/install/command_stm32_leds/share/command_stm32_leds/cmake/command_stm32_ledsConfig.cmake
[4.101s] -- Installing: /home/toffanetto/subjects/im420x/micro-ros/install/command_stm32_leds/share/command_stm32_leds/cmake/command_stm32_ledsConfig-version.cmake
[4.101s] -- Installing: /home/toffanetto/subjects/im420x/micro-ros/install/command_stm32_leds/share/command_stm32_leds/package.xml
[4.104s] Invoked command in '/home/toffanetto/subjects/im420x/micro-ros/build/command_stm32_leds' returned '0': CMAKE_PREFIX_PATH=/opt/ros/humble /usr/bin/cmake --install /home/toffanetto/subjects/im420x/micro-ros/build/command_stm32_leds
