[35m[1mConsolidate compiler generated dependencies of target command_stm32_leds_node[0m
[ 50%] [32mBuilding CXX object CMakeFiles/command_stm32_leds_node.dir/src/command_stm32_leds_node.cpp.o[0m
[100%] [32m[1mLinking CXX executable command_stm32_leds_node[0m
[100%] Built target command_stm32_leds_node
-- Install configuration: ""
-- Installing: /home/toffanetto/subjects/im420x/micro-ros/install/command_stm32_leds/lib/command_stm32_leds/command_stm32_leds_node
-- Set runtime path of "/home/toffanetto/subjects/im420x/micro-ros/install/command_stm32_leds/lib/command_stm32_leds/command_stm32_leds_node" to ""
-- Up-to-date: /home/toffanetto/subjects/im420x/micro-ros/install/command_stm32_leds/share/ament_index/resource_index/package_run_dependencies/command_stm32_leds
-- Up-to-date: /home/toffanetto/subjects/im420x/micro-ros/install/command_stm32_leds/share/ament_index/resource_index/parent_prefix_path/command_stm32_leds
-- Up-to-date: /home/toffanetto/subjects/im420x/micro-ros/install/command_stm32_leds/share/command_stm32_leds/environment/ament_prefix_path.sh
-- Up-to-date: /home/toffanetto/subjects/im420x/micro-ros/install/command_stm32_leds/share/command_stm32_leds/environment/ament_prefix_path.dsv
-- Up-to-date: /home/toffanetto/subjects/im420x/micro-ros/install/command_stm32_leds/share/command_stm32_leds/environment/path.sh
-- Up-to-date: /home/toffanetto/subjects/im420x/micro-ros/install/command_stm32_leds/share/command_stm32_leds/environment/path.dsv
-- Up-to-date: /home/toffanetto/subjects/im420x/micro-ros/install/command_stm32_leds/share/command_stm32_leds/local_setup.bash
-- Up-to-date: /home/toffanetto/subjects/im420x/micro-ros/install/command_stm32_leds/share/command_stm32_leds/local_setup.sh
-- Up-to-date: /home/toffanetto/subjects/im420x/micro-ros/install/command_stm32_leds/share/command_stm32_leds/local_setup.zsh
-- Up-to-date: /home/toffanetto/subjects/im420x/micro-ros/install/command_stm32_leds/share/command_stm32_leds/local_setup.dsv
-- Installing: /home/toffanetto/subjects/im420x/micro-ros/install/command_stm32_leds/share/command_stm32_leds/package.dsv
-- Up-to-date: /home/toffanetto/subjects/im420x/micro-ros/install/command_stm32_leds/share/ament_index/resource_index/packages/command_stm32_leds
-- Up-to-date: /home/toffanetto/subjects/im420x/micro-ros/install/command_stm32_leds/share/command_stm32_leds/cmake/command_stm32_ledsConfig.cmake
-- Up-to-date: /home/toffanetto/subjects/im420x/micro-ros/install/command_stm32_leds/share/command_stm32_leds/cmake/command_stm32_ledsConfig-version.cmake
-- Up-to-date: /home/toffanetto/subjects/im420x/micro-ros/install/command_stm32_leds/share/command_stm32_leds/package.xml
