[0.021s] Invoking command in '/home/toffanetto/subjects/im420x/micro-ros/build/command_stm32_leds': CMAKE_PREFIX_PATH=${CMAKE_PREFIX_PATH}:/opt/ros/humble /usr/bin/cmake --build /home/toffanetto/subjects/im420x/micro-ros/build/command_stm32_leds -- -j48 -l48
[0.094s] [35m[1mConsolidate compiler generated dependencies of target command_stm32_leds_node[0m
[0.128s] [ 50%] [32mBuilding CXX object CMakeFiles/command_stm32_leds_node.dir/src/command_stm32_leds_node.cpp.o[0m
[5.341s] [100%] [32m[1mLinking CXX executable command_stm32_leds_node[0m
[5.592s] [100%] Built target command_stm32_leds_node
[5.612s] Invoked command in '/home/toffanetto/subjects/im420x/micro-ros/build/command_stm32_leds' returned '0': CMAKE_PREFIX_PATH=${CMAKE_PREFIX_PATH}:/opt/ros/humble /usr/bin/cmake --build /home/toffanetto/subjects/im420x/micro-ros/build/command_stm32_leds -- -j48 -l48
[5.687s] Invoking command in '/home/toffanetto/subjects/im420x/micro-ros/build/command_stm32_leds': CMAKE_PREFIX_PATH=${CMAKE_PREFIX_PATH}:/opt/ros/humble /usr/bin/cmake --install /home/toffanetto/subjects/im420x/micro-ros/build/command_stm32_leds
[5.701s] -- Install configuration: ""
[5.702s] -- Installing: /home/toffanetto/subjects/im420x/micro-ros/install/command_stm32_leds/lib/command_stm32_leds/command_stm32_leds_node
[5.704s] -- Set runtime path of "/home/toffanetto/subjects/im420x/micro-ros/install/command_stm32_leds/lib/command_stm32_leds/command_stm32_leds_node" to ""
[5.705s] -- Up-to-date: /home/toffanetto/subjects/im420x/micro-ros/install/command_stm32_leds/share/ament_index/resource_index/package_run_dependencies/command_stm32_leds
[5.705s] -- Up-to-date: /home/toffanetto/subjects/im420x/micro-ros/install/command_stm32_leds/share/ament_index/resource_index/parent_prefix_path/command_stm32_leds
[5.705s] -- Up-to-date: /home/toffanetto/subjects/im420x/micro-ros/install/command_stm32_leds/share/command_stm32_leds/environment/ament_prefix_path.sh
[5.706s] -- Up-to-date: /home/toffanetto/subjects/im420x/micro-ros/install/command_stm32_leds/share/command_stm32_leds/environment/ament_prefix_path.dsv
[5.706s] -- Up-to-date: /home/toffanetto/subjects/im420x/micro-ros/install/command_stm32_leds/share/command_stm32_leds/environment/path.sh
[5.706s] -- Up-to-date: /home/toffanetto/subjects/im420x/micro-ros/install/command_stm32_leds/share/command_stm32_leds/environment/path.dsv
[5.707s] -- Up-to-date: /home/toffanetto/subjects/im420x/micro-ros/install/command_stm32_leds/share/command_stm32_leds/local_setup.bash
[5.708s] -- Up-to-date: /home/toffanetto/subjects/im420x/micro-ros/install/command_stm32_leds/share/command_stm32_leds/local_setup.sh
[5.709s] -- Up-to-date: /home/toffanetto/subjects/im420x/micro-ros/install/command_stm32_leds/share/command_stm32_leds/local_setup.zsh
[5.709s] -- Up-to-date: /home/toffanetto/subjects/im420x/micro-ros/install/command_stm32_leds/share/command_stm32_leds/local_setup.dsv
[5.710s] -- Installing: /home/toffanetto/subjects/im420x/micro-ros/install/command_stm32_leds/share/command_stm32_leds/package.dsv
[5.710s] -- Up-to-date: /home/toffanetto/subjects/im420x/micro-ros/install/command_stm32_leds/share/ament_index/resource_index/packages/command_stm32_leds
[5.711s] -- Up-to-date: /home/toffanetto/subjects/im420x/micro-ros/install/command_stm32_leds/share/command_stm32_leds/cmake/command_stm32_ledsConfig.cmake
[5.711s] -- Up-to-date: /home/toffanetto/subjects/im420x/micro-ros/install/command_stm32_leds/share/command_stm32_leds/cmake/command_stm32_ledsConfig-version.cmake
[5.711s] -- Up-to-date: /home/toffanetto/subjects/im420x/micro-ros/install/command_stm32_leds/share/command_stm32_leds/package.xml
[5.711s] Invoked command in '/home/toffanetto/subjects/im420x/micro-ros/build/command_stm32_leds' returned '0': CMAKE_PREFIX_PATH=${CMAKE_PREFIX_PATH}:/opt/ros/humble /usr/bin/cmake --install /home/toffanetto/subjects/im420x/micro-ros/build/command_stm32_leds
