[0.019s] Invoking command in '/home/toffanetto/subjects/im420x/micro-ros/build/command_stm32_leds': CMAKE_PREFIX_PATH=/opt/ros/humble /usr/bin/cmake --build /home/toffanetto/subjects/im420x/micro-ros/build/command_stm32_leds -- -j48 -l48
[0.060s] -- Found ament_cmake: 1.3.10 (/opt/ros/humble/share/ament_cmake/cmake)
[0.231s] -- Found std_msgs: 4.2.4 (/opt/ros/humble/share/std_msgs/cmake)
[0.271s] -- Found rosidl_generator_c: 3.1.5 (/opt/ros/humble/share/rosidl_generator_c/cmake)
[0.274s] -- Found rosidl_adapter: 3.1.5 (/opt/ros/humble/share/rosidl_adapter/cmake)
[0.281s] -- Found rosidl_generator_cpp: 3.1.5 (/opt/ros/humble/share/rosidl_generator_cpp/cmake)
[0.294s] -- Using all available rosidl_typesupport_c: rosidl_typesupport_fastrtps_c;rosidl_typesupport_introspection_c
[0.310s] -- Using all available rosidl_typesupport_cpp: rosidl_typesupport_fastrtps_cpp;rosidl_typesupport_introspection_cpp
[0.340s] -- Found rclcpp: 16.0.10 (/opt/ros/humble/share/rclcpp/cmake)
[0.373s] -- Found rmw_implementation_cmake: 6.1.2 (/opt/ros/humble/share/rmw_implementation_cmake/cmake)
[0.375s] -- Found rmw_fastrtps_cpp: 6.2.7 (/opt/ros/humble/share/rmw_fastrtps_cpp/cmake)
[0.541s] -- Using RMW implementation 'rmw_fastrtps_cpp' as default
[0.590s] -- Found ament_lint_auto: 0.12.11 (/opt/ros/humble/share/ament_lint_auto/cmake)
[0.684s] -- Added test 'cppcheck' to perform static code analysis on C / C++ code
[0.684s] -- Configured cppcheck include dirs: $<BUILD_INTERFACE:/home/toffanetto/subjects/im420x/micro-ros/command_stm32_leds/include>
[0.685s] -- Configured cppcheck exclude dirs and/or files: 
[0.685s] -- Added test 'lint_cmake' to check CMake code style
[0.686s] -- Added test 'uncrustify' to check C / C++ code style
[0.686s] -- Configured uncrustify additional arguments: 
[0.687s] -- Added test 'xmllint' to check XML markup files
[0.687s] -- Configuring done
[0.700s] -- Generating done
[0.702s] -- Build files have been written to: /home/toffanetto/subjects/im420x/micro-ros/build/command_stm32_leds
[0.776s] [ 50%] [32mBuilding CXX object CMakeFiles/command_stm32_leds_node.dir/src/command_stm32_leds_node.cpp.o[0m
[1.222s] [01m[K/home/toffanetto/subjects/im420x/micro-ros/command_stm32_leds/src/command_stm32_leds_node.cpp:8:10:[m[K [01;31m[Kfatal error: [m[Kstd_msgs/msg/uint8multiarray.hpp: No such file or directory
[1.222s]     8 | #include [01;31m[K"std_msgs/msg/uint8multiarray.hpp"[m[K
[1.222s]       |          [01;31m[K^~~~~~~~~~~~~~~~~~~~~~~~~~~~~~~~~~[m[K
[1.222s] compilation terminated.
[1.226s] gmake[2]: *** [CMakeFiles/command_stm32_leds_node.dir/build.make:76: CMakeFiles/command_stm32_leds_node.dir/src/command_stm32_leds_node.cpp.o] Error 1
[1.227s] gmake[1]: *** [CMakeFiles/Makefile2:137: CMakeFiles/command_stm32_leds_node.dir/all] Error 2
[1.228s] gmake: *** [Makefile:146: all] Error 2
[1.233s] Invoked command in '/home/toffanetto/subjects/im420x/micro-ros/build/command_stm32_leds' returned '2': CMAKE_PREFIX_PATH=/opt/ros/humble /usr/bin/cmake --build /home/toffanetto/subjects/im420x/micro-ros/build/command_stm32_leds -- -j48 -l48
