2024-10-18 10:24:50,831 [INFO] Activator:176 - 


2024-10-18 10:24:50,836 [INFO] Activator:177 - !SESSION log4j initialized
2024-10-18 10:24:57,716 [INFO] LogOutputStream:77 - [STDOUT_REDIRECT] 
2024-10-18 10:25:05,245 [INFO] ApplicationProperties:184 - Using Application install path: /opt/st/stm32cubeide_1.15.1/plugins/com.st.stm32cube.common.mx_6.11.1.202404110753
2024-10-18 10:25:05,264 [INFO] DbMcusXml:78 - Set database path to: /opt/st/stm32cubeide_1.15.1/plugins/com.st.stm32cube.common.mx_6.11.1.202404110753//db//mcu/
2024-10-18 10:25:05,265 [INFO] ApiDb:274 - Set plugin database path to: /opt/st/stm32cubeide_1.15.1/plugins/com.st.stm32cube.common.mx_6.11.1.202404110753//db//plugins/boardmanager/
2024-10-18 10:25:05,265 [WARN] ApiDb:259 - Overriding images path with different value:  => /opt/st/stm32cubeide_1.15.1/plugins/com.st.stm32cube.common.mx_6.11.1.202404110753//db//plugins/mcufinder/images/
2024-10-18 10:25:05,281 [INFO] ApiDb:250 - Set database path to: /home/toffanetto/.stmcufinder/plugins/mcufinder//mcu/
2024-10-18 10:25:05,282 [INFO] DbMcusAds:125 - Set database path to: /home/toffanetto/.stmcufinder/plugins/mcufinder//mcu/
2024-10-18 10:25:05,285 [INFO] CrossReferenceDbSqlite:203 - Set database path to: /home/toffanetto/.stmcufinder/plugins/mcufinder//mcu/cs/
2024-10-18 10:25:05,436 [INFO] RulesReader:64 - Compatibility file has been processed (297 Rules)
2024-10-18 10:25:05,493 [INFO] DbMcusXml:78 - Set database path to: /opt/st/stm32cubeide_1.15.1/plugins/com.st.stm32cube.common.mx_6.11.1.202404110753//db//mcu/
2024-10-18 10:25:05,493 [INFO] ApiDb:274 - Set plugin database path to: /opt/st/stm32cubeide_1.15.1/plugins/com.st.stm32cube.common.mx_6.11.1.202404110753//db//plugins/boardmanager/
2024-10-18 10:25:05,493 [INFO] ApiDb:261 - Set plugin images path to: /opt/st/stm32cubeide_1.15.1/plugins/com.st.stm32cube.common.mx_6.11.1.202404110753//db//plugins/mcufinder/images/
2024-10-18 10:25:05,494 [WARN] DbFile:41 - Overriding database path with different value: /home/toffanetto/.stmcufinder/plugins/mcufinder/ => /home/toffanetto/.stmcufinder/plugins/mcufinder
2024-10-18 10:25:05,494 [INFO] ApiDb:250 - Set database path to: /home/toffanetto/.stmcufinder/plugins/mcufinder//mcu/
2024-10-18 10:25:05,494 [WARN] DbFile:41 - Overriding database path with different value: /home/toffanetto/.stmcufinder/plugins/mcufinder/ => /home/toffanetto/.stmcufinder/plugins/mcufinder
2024-10-18 10:25:05,494 [INFO] DbMcusAds:125 - Set database path to: /home/toffanetto/.stmcufinder/plugins/mcufinder//mcu/
2024-10-18 10:25:05,494 [WARN] DbFile:41 - Overriding database path with different value: /home/toffanetto/.stmcufinder/plugins/mcufinder/ => /home/toffanetto/.stmcufinder/plugins/mcufinder
2024-10-18 10:25:05,494 [WARN] DbFile:41 - Overriding database path with different value: /home/toffanetto/.stmcufinder/plugins/mcufinder/ => /home/toffanetto/.stmcufinder/plugins/mcufinder
2024-10-18 10:25:05,494 [INFO] CrossReferenceDbSqlite:203 - Set database path to: /home/toffanetto/.stmcufinder/plugins/mcufinder//mcu/cs/
2024-10-18 10:25:05,564 [INFO] MainPanel:264 - HeapMemory: 268435456
2024-10-18 10:25:05,661 [INFO] DbMcusXml:78 - Set database path to: /opt/st/stm32cubeide_1.15.1/plugins/com.st.stm32cube.common.mx_6.11.1.202404110753//db//mcu/
2024-10-18 10:25:05,661 [INFO] ApiDb:274 - Set plugin database path to: /opt/st/stm32cubeide_1.15.1/plugins/com.st.stm32cube.common.mx_6.11.1.202404110753//db//plugins/boardmanager/
2024-10-18 10:25:05,661 [INFO] ApiDb:261 - Set plugin images path to: /opt/st/stm32cubeide_1.15.1/plugins/com.st.stm32cube.common.mx_6.11.1.202404110753//db//plugins/mcufinder/images/
2024-10-18 10:25:05,662 [WARN] DbFile:41 - Overriding database path with different value: /home/toffanetto/.stmcufinder/plugins/mcufinder/ => /home/toffanetto/.stmcufinder/plugins/mcufinder
2024-10-18 10:25:05,662 [INFO] ApiDb:250 - Set database path to: /home/toffanetto/.stmcufinder/plugins/mcufinder//mcu/
2024-10-18 10:25:05,662 [WARN] DbFile:41 - Overriding database path with different value: /home/toffanetto/.stmcufinder/plugins/mcufinder/ => /home/toffanetto/.stmcufinder/plugins/mcufinder
2024-10-18 10:25:05,662 [INFO] DbMcusAds:125 - Set database path to: /home/toffanetto/.stmcufinder/plugins/mcufinder//mcu/
2024-10-18 10:25:05,662 [WARN] DbFile:41 - Overriding database path with different value: /home/toffanetto/.stmcufinder/plugins/mcufinder/ => /home/toffanetto/.stmcufinder/plugins/mcufinder
2024-10-18 10:25:05,662 [WARN] DbFile:41 - Overriding database path with different value: /home/toffanetto/.stmcufinder/plugins/mcufinder/ => /home/toffanetto/.stmcufinder/plugins/mcufinder
2024-10-18 10:25:05,662 [INFO] CrossReferenceDbSqlite:203 - Set database path to: /home/toffanetto/.stmcufinder/plugins/mcufinder//mcu/cs/
2024-10-18 10:25:05,675 [INFO] ApplicationProperties:184 - Using Application install path: /opt/st/stm32cubeide_1.15.1/plugins/com.st.stm32cube.common.mx_6.11.1.202404110753
2024-10-18 10:25:05,676 [INFO] PluginManage:196 - Search for loadable plugins [exclusion list=, ]
2024-10-18 10:25:05,677 [INFO] PluginManage:310 - Check plugin analytics
2024-10-18 10:25:05,804 [INFO] AnalyticsPlugin:253 - Accepted Software Licenses: 
2024-10-18 10:25:05,804 [INFO] AnalyticsPlugin:255 - Accepted CMSIS Pack Licenses: 
2024-10-18 10:25:05,804 [INFO] AnalyticsPlugin:257 - Accepted Firmware Licenses: FW.H7.1.11.0
2024-10-18 10:25:05,806 [INFO] PluginManage:359 - Loaded plugin analytics (category:tool,tabindex:-1)
2024-10-18 10:25:05,806 [INFO] PluginManage:310 - Check plugin cadmodel
2024-10-18 10:25:05,835 [INFO] CADModel:105 - Init CAD model plugin
2024-10-18 10:25:05,835 [INFO] PluginManage:359 - Loaded plugin cadmodel (category:power,tabindex:5)
2024-10-18 10:25:05,835 [INFO] PluginManage:310 - Check plugin clock
2024-10-18 10:25:05,845 [INFO] PluginManage:359 - Loaded plugin clock (category:base,tabindex:2)
2024-10-18 10:25:05,845 [INFO] PluginManage:310 - Check plugin ddr
2024-10-18 10:25:05,847 [INFO] PluginManage:359 - Loaded plugin ddr (category:tool,tabindex:6)
2024-10-18 10:25:05,847 [INFO] PluginManage:310 - Check plugin filemanager
2024-10-18 10:25:05,956 [INFO] PluginManage:359 - Loaded plugin filemanager (category:base,tabindex:10)
2024-10-18 10:25:05,956 [INFO] PluginManage:310 - Check plugin ipmanager
2024-10-18 10:25:05,961 [INFO] PluginManage:359 - Loaded plugin ipmanager (category:base,tabindex:5)
2024-10-18 10:25:05,961 [INFO] PluginManage:310 - Check plugin lpbam
2024-10-18 10:25:05,969 [INFO] PluginManage:359 - Loaded plugin lpbam (category:base,tabindex:0)
2024-10-18 10:25:05,969 [INFO] PluginManage:310 - Check plugin memorymap
2024-10-18 10:25:05,979 [INFO] PluginManage:359 - Loaded plugin memorymap (category:base,tabindex:4)
2024-10-18 10:25:05,979 [INFO] PluginManage:310 - Check plugin pinoutandconfiguration
2024-10-18 10:25:05,987 [INFO] PluginManage:359 - Loaded plugin pinoutandconfiguration (category:base,tabindex:1)
2024-10-18 10:25:05,987 [INFO] PluginManage:310 - Check plugin pinoutconfig
2024-10-18 10:25:06,081 [WARN] SupportedApi:132 - Cannot load RTOS API schema: s4s-elt-must-match.1: The content of 'definitions' must match (annotation?, (simpleType | complexType)?, (unique | key | keyref)*)). A problem was found starting at: attribute.
2024-10-18 10:25:06,231 [INFO] PluginManage:359 - Loaded plugin pinoutconfig (category:base,tabindex:0)
2024-10-18 10:25:06,232 [INFO] PluginManage:310 - Check plugin power
2024-10-18 10:25:06,243 [INFO] PluginManage:359 - Loaded plugin power (category:power,tabindex:4)
2024-10-18 10:25:06,243 [INFO] PluginManage:310 - Check plugin projectmanager
2024-10-18 10:25:06,262 [INFO] PluginManage:359 - Loaded plugin projectmanager (category:projectmanager,tabindex:3)
2024-10-18 10:25:06,263 [INFO] PluginManage:310 - Check plugin thirdparty
2024-10-18 10:25:06,367 [INFO] PluginManage:359 - Loaded plugin thirdparty (category:base,tabindex:-1)
2024-10-18 10:25:06,367 [WARN] IntegrityCheckThread:84 - waiting for thirdparty lock release [integrity check]
2024-10-18 10:25:06,367 [INFO] PluginManage:310 - Check plugin tools
2024-10-18 10:25:06,367 [INFO] IntegrityCheckThread:86 - entering critical section [integrity check]
2024-10-18 10:25:06,368 [INFO] ThirdPartyUpdaterWithRetryManager:70 - Updater plugin not ready yet. [1/15]
2024-10-18 10:25:06,369 [INFO] PluginManage:359 - Loaded plugin tools (category:base,tabindex:7)
2024-10-18 10:25:06,369 [INFO] PluginManage:310 - Check plugin tutovideos
2024-10-18 10:25:06,514 [INFO] PluginManage:359 - Loaded plugin tutovideos (category:base,tabindex:-1)
2024-10-18 10:25:06,515 [INFO] PluginManage:310 - Check plugin updater
2024-10-18 10:25:06,526 [INFO] PluginManage:359 - Loaded plugin updater (category:base,tabindex:12)
2024-10-18 10:25:06,526 [INFO] PluginManage:310 - Check plugin userauth
2024-10-18 10:25:06,531 [INFO] UserAuth:114 - Init User Auth plugin
2024-10-18 10:25:06,532 [INFO] PluginManage:359 - Loaded plugin userauth (category:base,tabindex:14)
2024-10-18 10:25:06,532 [INFO] PluginManage:283 - PluginManage : Loaded plugins [17]
2024-10-18 10:25:06,690 [INFO] PinOutPanel:1561 - setPackage(No Configuration,No Configuration)
2024-10-18 10:25:06,742 [INFO] CADModel:165 - CPN selected for project level
2024-10-18 10:25:06,743 [INFO] CADModel:114 - Register for checkConnection events
2024-10-18 10:25:06,755 [INFO] IPUIPlugin:80 - create IPUIPlugin
2024-10-18 10:25:06,755 [INFO] PluginManager:220 - loadIPPluginJar : add usbx
2024-10-18 10:25:06,758 [INFO] IPUIPlugin:80 - create IPUIPlugin
2024-10-18 10:25:06,758 [INFO] PluginManager:220 - loadIPPluginJar : add pdm2pcm
2024-10-18 10:25:06,764 [INFO] IPUIPlugin:80 - create IPUIPlugin
2024-10-18 10:25:06,765 [INFO] PluginManager:220 - loadIPPluginJar : add adc
2024-10-18 10:25:06,769 [INFO] IPUIPlugin:80 - create IPUIPlugin
2024-10-18 10:25:06,769 [INFO] PluginManager:220 - loadIPPluginJar : add dma
2024-10-18 10:25:06,771 [INFO] IPUIPlugin:80 - create IPUIPlugin
2024-10-18 10:25:06,771 [INFO] PluginManager:220 - loadIPPluginJar : add dma3
2024-10-18 10:25:06,773 [INFO] IPUIPlugin:80 - create IPUIPlugin
2024-10-18 10:25:06,773 [INFO] PluginManager:220 - loadIPPluginJar : add hash
2024-10-18 10:25:06,775 [INFO] IPUIPlugin:80 - create IPUIPlugin
2024-10-18 10:25:06,775 [INFO] PluginManager:220 - loadIPPluginJar : add i2s
2024-10-18 10:25:06,776 [INFO] IPUIPlugin:80 - create IPUIPlugin
2024-10-18 10:25:06,776 [INFO] PluginManager:220 - loadIPPluginJar : add tim
2024-10-18 10:25:06,779 [INFO] IPUIPlugin:80 - create IPUIPlugin
2024-10-18 10:25:06,779 [INFO] PluginManager:220 - loadIPPluginJar : add openamp
2024-10-18 10:25:06,784 [INFO] IPUIPlugin:80 - create IPUIPlugin
2024-10-18 10:25:06,784 [INFO] PluginManager:220 - loadIPPluginJar : add mdma
2024-10-18 10:25:06,785 [INFO] IPUIPlugin:80 - create IPUIPlugin
2024-10-18 10:25:06,785 [INFO] PluginManager:220 - loadIPPluginJar : add fatfs
2024-10-18 10:25:06,787 [INFO] IPUIPlugin:80 - create IPUIPlugin
2024-10-18 10:25:06,788 [INFO] PluginManager:220 - loadIPPluginJar : add extmemmanager
2024-10-18 10:25:06,790 [INFO] IPUIPlugin:80 - create IPUIPlugin
2024-10-18 10:25:06,790 [INFO] PluginManager:220 - loadIPPluginJar : add opamp
2024-10-18 10:25:06,791 [INFO] IPUIPlugin:80 - create IPUIPlugin
2024-10-18 10:25:06,791 [INFO] PluginManager:220 - loadIPPluginJar : add tsc
2024-10-18 10:25:06,797 [INFO] IPUIPlugin:80 - create IPUIPlugin
2024-10-18 10:25:06,797 [INFO] PluginManager:220 - loadIPPluginJar : add linkedlist
2024-10-18 10:25:06,799 [INFO] IPUIPlugin:80 - create IPUIPlugin
2024-10-18 10:25:06,799 [INFO] PluginManager:220 - loadIPPluginJar : add sai
2024-10-18 10:25:06,801 [INFO] IPUIPlugin:80 - create IPUIPlugin
2024-10-18 10:25:06,801 [INFO] PluginManager:220 - loadIPPluginJar : add spi
2024-10-18 10:25:06,805 [INFO] IPUIPlugin:80 - create IPUIPlugin
2024-10-18 10:25:06,806 [INFO] PluginManager:220 - loadIPPluginJar : add gic
2024-10-18 10:25:06,807 [INFO] IPUIPlugin:80 - create IPUIPlugin
2024-10-18 10:25:06,807 [INFO] PluginManager:220 - loadIPPluginJar : add lorawan
2024-10-18 10:25:06,809 [INFO] IPUIPlugin:80 - create IPUIPlugin
2024-10-18 10:25:06,809 [INFO] PluginManager:220 - loadIPPluginJar : add usart
2024-10-18 10:25:06,812 [INFO] IPUIPlugin:80 - create IPUIPlugin
2024-10-18 10:25:06,813 [INFO] PluginManager:220 - loadIPPluginJar : add gfxmmu
2024-10-18 10:25:06,815 [INFO] IPUIPlugin:80 - create IPUIPlugin
2024-10-18 10:25:06,815 [INFO] PluginManager:220 - loadIPPluginJar : add can
2024-10-18 10:25:06,816 [INFO] IPUIPlugin:80 - create IPUIPlugin
2024-10-18 10:25:06,817 [INFO] PluginManager:220 - loadIPPluginJar : add tracer_emb
2024-10-18 10:25:06,818 [INFO] IPUIPlugin:80 - create IPUIPlugin
2024-10-18 10:25:06,818 [INFO] PluginManager:220 - loadIPPluginJar : add ucpd
2024-10-18 10:25:06,819 [INFO] IPUIPlugin:80 - create IPUIPlugin
2024-10-18 10:25:06,820 [INFO] PluginManager:220 - loadIPPluginJar : add ts
2024-10-18 10:25:06,821 [INFO] IPUIPlugin:80 - create IPUIPlugin
2024-10-18 10:25:06,822 [INFO] PluginManager:220 - loadIPPluginJar : add cryp
2024-10-18 10:25:06,825 [INFO] IPUIPlugin:80 - create IPUIPlugin
2024-10-18 10:25:06,825 [INFO] PluginManager:220 - loadIPPluginJar : add nvic
2024-10-18 10:25:06,826 [INFO] IPUIPlugin:80 - create IPUIPlugin
2024-10-18 10:25:06,826 [INFO] PluginManager:220 - loadIPPluginJar : add dfsdm
2024-10-18 10:25:06,828 [INFO] IPUIPlugin:80 - create IPUIPlugin
2024-10-18 10:25:06,828 [INFO] PluginManager:220 - loadIPPluginJar : add genericplugin
2024-10-18 10:25:06,832 [INFO] IPUIPlugin:80 - create IPUIPlugin
2024-10-18 10:25:06,832 [INFO] PluginManager:220 - loadIPPluginJar : add fmc
2024-10-18 10:25:06,833 [INFO] IPUIPlugin:80 - create IPUIPlugin
2024-10-18 10:25:06,833 [INFO] PluginManager:220 - loadIPPluginJar : add quadspi
2024-10-18 10:25:06,835 [INFO] IPUIPlugin:80 - create IPUIPlugin
2024-10-18 10:25:06,835 [INFO] PluginManager:220 - loadIPPluginJar : add gtzc
2024-10-18 10:25:06,839 [INFO] IPUIPlugin:80 - create IPUIPlugin
2024-10-18 10:25:06,839 [INFO] PluginManager:220 - loadIPPluginJar : add gpio
2024-10-18 10:25:06,846 [INFO] IPUIPlugin:80 - create IPUIPlugin
2024-10-18 10:25:06,847 [INFO] PluginManager:220 - loadIPPluginJar : add plateformsettings
2024-10-18 10:25:06,849 [INFO] IPUIPlugin:80 - create IPUIPlugin
2024-10-18 10:25:06,849 [INFO] PluginManager:220 - loadIPPluginJar : add i2c
2024-10-18 10:25:06,851 [INFO] IPUIPlugin:80 - create IPUIPlugin
2024-10-18 10:25:06,851 [INFO] PluginManager:220 - loadIPPluginJar : add aes
2024-10-18 10:25:06,853 [INFO] IPUIPlugin:80 - create IPUIPlugin
2024-10-18 10:25:06,853 [INFO] PluginManager:220 - loadIPPluginJar : add touchsensing
2024-10-18 10:25:06,862 [INFO] IPUIPlugin:80 - create IPUIPlugin
2024-10-18 10:25:06,863 [INFO] PluginManager:220 - loadIPPluginJar : add resmgrutility
2024-10-18 10:25:06,864 [INFO] IPUIPlugin:80 - create IPUIPlugin
2024-10-18 10:25:06,864 [INFO] PluginManager:220 - loadIPPluginJar : add ltdc
2024-10-18 10:25:06,868 [INFO] IPUIPlugin:80 - create IPUIPlugin
2024-10-18 10:25:06,868 [INFO] PluginManager:220 - loadIPPluginJar : add stm32_wpan
2024-10-18 10:25:06,871 [INFO] IPUIPlugin:80 - create IPUIPlugin
2024-10-18 10:25:06,871 [INFO] PluginManager:220 - loadIPPluginJar : add ipddr
2024-10-18 10:25:06,872 [INFO] IPUIPlugin:80 - create IPUIPlugin
2024-10-18 10:25:06,872 [INFO] PluginManager:220 - loadIPPluginJar : add comp
2024-10-18 10:25:06,873 [INFO] IPUIPlugin:80 - create IPUIPlugin
2024-10-18 10:25:06,874 [INFO] PluginManager:220 - loadIPPluginJar : add i3c
2024-10-18 10:25:06,879 [INFO] IPUIPlugin:80 - create IPUIPlugin
2024-10-18 10:25:06,879 [INFO] PluginManager:220 - loadIPPluginJar : add freertos
2024-10-18 10:25:06,985 [INFO] CADModel:165 - CPN selected for project level
2024-10-18 10:25:06,985 [INFO] CADModel:114 - Register for checkConnection events
2024-10-18 10:25:06,985 [FATAL] Updater:308 - Updater called before beeing initialized
2024-10-18 10:25:06,985 [ERROR] CADModel:125 - Updater not yet initialized, retry later 
2024-10-18 10:25:07,116 [INFO] CADModel:165 - CPN selected for project level
2024-10-18 10:25:07,116 [INFO] CADModel:114 - Register for checkConnection events
2024-10-18 10:25:07,116 [FATAL] Updater:308 - Updater called before beeing initialized
2024-10-18 10:25:07,116 [ERROR] CADModel:125 - Updater not yet initialized, retry later 
2024-10-18 10:25:07,119 [FATAL] Updater:308 - Updater called before beeing initialized
2024-10-18 10:25:07,220 [FATAL] Updater:308 - Updater called before beeing initialized
2024-10-18 10:25:07,224 [INFO] DbMcusAds:53 - JSON generation date=Fri Sep 20 10:04:38 BRT 2024 (1726837478367)
2024-10-18 10:25:07,224 [FATAL] Updater:308 - Updater called before beeing initialized
2024-10-18 10:25:07,261 [WARN] DetailPanel:346 - Failed to get advertising image, set to default
2024-10-18 10:25:07,333 [FATAL] Updater:308 - Updater called before beeing initialized
2024-10-18 10:25:07,334 [FATAL] Updater:308 - Updater called before beeing initialized
2024-10-18 10:25:07,334 [FATAL] Updater:308 - Updater called before beeing initialized
2024-10-18 10:25:07,334 [WARN] DetailPanel:346 - Failed to get advertising image, set to default
2024-10-18 10:25:07,335 [FATAL] Updater:308 - Updater called before beeing initialized
2024-10-18 10:25:07,360 [ERROR] Updater:1120 - MainUpdater not yet initialized. External WinMGr cannot be set.
2024-10-18 10:25:07,362 [INFO] Updater:1056 - Updater Version found : 6.11.1
2024-10-18 10:25:07,378 [INFO] ApplicationProperties:184 - Using Application install path: /opt/st/stm32cubeide_1.15.1/plugins/com.st.stm32cube.common.mx_6.11.1.202404110753
2024-10-18 10:25:07,808 [INFO] MainUpdater:2873 - connection check result : 10
2024-10-18 10:25:07,810 [INFO] MainUpdater:290 - Updater Check For Update Now.
2024-10-18 10:25:07,810 [INFO] MicroXplorer:498 - Change Database Version : DB.6.0.111
2024-10-18 10:25:07,821 [INFO] McuFinderGlobals:63 - Set McuFinder mode to 2 (CubeIDE integrated)
2024-10-18 10:25:07,830 [INFO] UserAuth:415 - Internet connection configuration mode: 1
2024-10-18 10:25:07,846 [INFO] JxBrowserEngine:152 - Initiate JxBrowser Engine with user profile folder
2024-10-18 10:25:07,995 [INFO] CheckServerUpdateThread:120 - End of CheckServer Thread
2024-10-18 10:25:09,323 [INFO] WebApp:161 - Instantiating new browser for Auth
2024-10-18 10:25:09,594 [WARN] PackLoader:240 - Cannot read IP mode file for STMicroelectronics.FP-SNS-MOTENVWB1.1.4.0
2024-10-18 10:25:09,601 [WARN] PackLoader:240 - Cannot read IP mode file for STMicroelectronics.X-CUBE-SMBUS.2.1.0
2024-10-18 10:25:09,612 [WARN] PackLoader:240 - Cannot read IP mode file for STMicroelectronics.X-CUBE-WB05N.1.1.0
2024-10-18 10:25:09,668 [WARN] PackLoader:240 - Cannot read IP mode file for STMicroelectronics.X-CUBE-AZRTOS-F7.1.1.0
2024-10-18 10:25:09,773 [WARN] PackLoader:240 - Cannot read IP mode file for STMicroelectronics.X-CUBE-MEMS1.11.0.0
2024-10-18 10:25:09,985 [WARN] PackLoader:240 - Cannot read IP mode file for STMicroelectronics.FP-SNS-FLIGHT1.5.0.2
2024-10-18 10:25:09,995 [WARN] PackLoader:240 - Cannot read IP mode file for STMicroelectronics.X-CUBE-DISPLAY.3.0.0
2024-10-18 10:25:10,022 [WARN] PackLoader:240 - Cannot read IP mode file for STMicroelectronics.X-CUBE-BLE1.7.0.0
2024-10-18 10:25:10,032 [WARN] PackLoader:240 - Cannot read IP mode file for STMicroelectronics.X-CUBE-NFC10.1.0.0
2024-10-18 10:25:10,041 [WARN] PackLoader:240 - Cannot read IP mode file for emotas.I-CUBE-CANOPEN.1.3.0
2024-10-18 10:25:10,061 [WARN] PackLoader:240 - Cannot read IP mode file for STMicroelectronics.X-CUBE-BLEMGR.3.1.0
2024-10-18 10:25:10,072 [WARN] PackLoader:240 - Cannot read IP mode file for STMicroelectronics.FP-SNS-SMARTAG2.1.2.0
2024-10-18 10:25:10,088 [INFO] LogOutputStream:77 - [STDOUT_REDIRECT] 1 : Invalid condition id : UX_CORESTACK_Condition cause : null
2024-10-18 10:25:10,089 [INFO] LogOutputStream:77 - [STDOUT_REDIRECT] 1 : Invalid condition id : UX_CORESTACK_Condition cause : null
2024-10-18 10:25:10,089 [INFO] LogOutputStream:77 - [STDOUT_REDIRECT] 1 : Invalid condition id : UX_CORESTACK_Condition cause : null
2024-10-18 10:25:10,090 [INFO] LogOutputStream:77 - [STDOUT_REDIRECT] 1 : Invalid condition id : UX_CORESTACK_Condition cause : null
2024-10-18 10:25:10,090 [INFO] LogOutputStream:77 - [STDOUT_REDIRECT] 1 : Invalid condition id : UX_CORESTACK_Condition cause : null
2024-10-18 10:25:10,098 [WARN] PackLoader:240 - Cannot read IP mode file for STMicroelectronics.X-CUBE-AZRTOS-WL.2.0.0
2024-10-18 10:25:10,107 [WARN] PackLoader:240 - Cannot read IP mode file for STMicroelectronics.FP-SNS-MOTENV1.5.0.0
2024-10-18 10:25:10,113 [WARN] PackLoader:240 - Cannot read IP mode file for wolfSSL.I-CUBE-wolfMQTT.1.19.0
2024-10-18 10:25:10,121 [WARN] PackLoader:240 - Cannot read IP mode file for WES.I-CUBE-Cesium.1.3.0
2024-10-18 10:25:10,133 [WARN] PackLoader:240 - Cannot read IP mode file for STMicroelectronics.X-CUBE-BLE2.3.3.0
2024-10-18 10:25:10,139 [WARN] PackLoader:240 - Cannot read IP mode file for STMicroelectronics.X-CUBE-NFC9.1.0.0
2024-10-18 10:25:10,149 [WARN] PackLoader:240 - Cannot read IP mode file for STMicroelectronics.X-CUBE-TCPP.4.1.0
2024-10-18 10:25:10,163 [WARN] PackLoader:240 - Cannot read IP mode file for STMicroelectronics.X-CUBE-AZRTOS-G0.1.1.0
2024-10-18 10:25:10,172 [WARN] PackLoader:240 - Cannot read IP mode file for STMicroelectronics.X-CUBE-SAFEA1.1.2.2
2024-10-18 10:25:10,178 [WARN] PackLoader:240 - Cannot read IP mode file for STMicroelectronics.X-CUBE-NFC4.3.0.0
2024-10-18 10:25:10,186 [WARN] PackLoader:240 - Cannot read IP mode file for EmbeddedOffice.I-CUBE-FS-RTOS.1.0.1
2024-10-18 10:25:10,187 [ERROR] ConditionMgr:805 - Attr not supported : Dmpu
2024-10-18 10:25:10,187 [ERROR] ConditionMgr:805 - Attr not supported : Dmpu
2024-10-18 10:25:10,187 [ERROR] ConditionMgr:805 - Attr not supported : Dmpu
2024-10-18 10:25:10,187 [ERROR] ConditionMgr:805 - Attr not supported : Dmpu
2024-10-18 10:25:10,187 [ERROR] ConditionMgr:805 - Attr not supported : Dmpu
2024-10-18 10:25:10,187 [ERROR] ConditionMgr:805 - Attr not supported : Dmpu
2024-10-18 10:25:10,187 [ERROR] ConditionMgr:805 - Attr not supported : Dmpu
2024-10-18 10:25:10,187 [ERROR] ConditionMgr:805 - Attr not supported : Dmpu
2024-10-18 10:25:10,188 [ERROR] ConditionMgr:805 - Attr not supported : Dmpu
2024-10-18 10:25:10,188 [ERROR] ConditionMgr:805 - Attr not supported : Dmpu
2024-10-18 10:25:10,188 [ERROR] ConditionMgr:805 - Attr not supported : Dmpu
2024-10-18 10:25:10,188 [ERROR] ConditionMgr:805 - Attr not supported : Dmpu
2024-10-18 10:25:10,188 [ERROR] ConditionMgr:805 - Attr not supported : Dmpu
2024-10-18 10:25:10,188 [ERROR] ConditionMgr:805 - Attr not supported : Dmpu
2024-10-18 10:25:10,188 [ERROR] ConditionMgr:805 - Attr not supported : Dmpu
2024-10-18 10:25:10,188 [ERROR] ConditionMgr:805 - Attr not supported : Dmpu
2024-10-18 10:25:10,188 [ERROR] ConditionMgr:805 - Attr not supported : Dmpu
2024-10-18 10:25:10,188 [ERROR] ConditionMgr:805 - Attr not supported : Dmpu
2024-10-18 10:25:10,189 [ERROR] ConditionMgr:805 - Attr not supported : Dmpu
2024-10-18 10:25:10,189 [ERROR] ConditionMgr:805 - Attr not supported : Dmpu
2024-10-18 10:25:10,189 [ERROR] ConditionMgr:805 - Attr not supported : Dmpu
2024-10-18 10:25:10,189 [ERROR] ConditionMgr:805 - Attr not supported : Dmpu
2024-10-18 10:25:10,189 [ERROR] ConditionMgr:805 - Attr not supported : Dmpu
2024-10-18 10:25:10,189 [ERROR] ConditionMgr:805 - Attr not supported : Dmpu
2024-10-18 10:25:10,189 [ERROR] ConditionMgr:805 - Attr not supported : Dmpu
2024-10-18 10:25:10,189 [ERROR] ConditionMgr:805 - Attr not supported : Dmpu
2024-10-18 10:25:10,189 [ERROR] ConditionMgr:805 - Attr not supported : Dmpu
2024-10-18 10:25:10,189 [ERROR] ConditionMgr:805 - Attr not supported : Dmpu
2024-10-18 10:25:10,190 [ERROR] ConditionMgr:805 - Attr not supported : Dmpu
2024-10-18 10:25:10,190 [ERROR] ConditionMgr:805 - Attr not supported : Dmpu
2024-10-18 10:25:10,190 [ERROR] ConditionMgr:805 - Attr not supported : Dmpu
2024-10-18 10:25:10,190 [ERROR] ConditionMgr:805 - Attr not supported : Dmpu
2024-10-18 10:25:10,190 [ERROR] ConditionMgr:805 - Attr not supported : Dmpu
2024-10-18 10:25:10,190 [ERROR] ConditionMgr:805 - Attr not supported : Dmpu
2024-10-18 10:25:10,190 [ERROR] ConditionMgr:805 - Attr not supported : Dmpu
2024-10-18 10:25:10,190 [ERROR] ConditionMgr:805 - Attr not supported : Dmpu
2024-10-18 10:25:10,190 [ERROR] ConditionMgr:805 - Attr not supported : Dmpu
2024-10-18 10:25:10,190 [ERROR] ConditionMgr:805 - Attr not supported : Dmpu
2024-10-18 10:25:10,191 [ERROR] ConditionMgr:805 - Attr not supported : Dmpu
2024-10-18 10:25:10,191 [ERROR] ConditionMgr:805 - Attr not supported : Dmpu
2024-10-18 10:25:10,191 [ERROR] ConditionMgr:805 - Attr not supported : Dmpu
2024-10-18 10:25:10,191 [ERROR] ConditionMgr:805 - Attr not supported : Dmpu
2024-10-18 10:25:10,191 [ERROR] ConditionMgr:805 - Attr not supported : Dmpu
2024-10-18 10:25:10,191 [ERROR] ConditionMgr:805 - Attr not supported : Dmpu
2024-10-18 10:25:10,191 [ERROR] ConditionMgr:805 - Attr not supported : Dmpu
2024-10-18 10:25:10,191 [ERROR] ConditionMgr:805 - Attr not supported : Dmpu
2024-10-18 10:25:10,192 [ERROR] ConditionMgr:805 - Attr not supported : Dmpu
2024-10-18 10:25:10,192 [ERROR] ConditionMgr:805 - Attr not supported : Dmpu
2024-10-18 10:25:10,192 [ERROR] ConditionMgr:805 - Attr not supported : Dmpu
2024-10-18 10:25:10,192 [ERROR] ConditionMgr:805 - Attr not supported : Dmpu
2024-10-18 10:25:10,192 [ERROR] ConditionMgr:805 - Attr not supported : Dmpu
2024-10-18 10:25:10,192 [ERROR] ConditionMgr:805 - Attr not supported : Dmpu
2024-10-18 10:25:10,192 [ERROR] ConditionMgr:805 - Attr not supported : Dmpu
2024-10-18 10:25:10,192 [ERROR] ConditionMgr:805 - Attr not supported : Dmpu
2024-10-18 10:25:10,192 [ERROR] ConditionMgr:805 - Attr not supported : Dmpu
2024-10-18 10:25:10,193 [ERROR] ConditionMgr:805 - Attr not supported : Dmpu
2024-10-18 10:25:10,193 [ERROR] ConditionMgr:805 - Attr not supported : Dmpu
2024-10-18 10:25:10,193 [ERROR] ConditionMgr:805 - Attr not supported : Dmpu
2024-10-18 10:25:10,193 [ERROR] ConditionMgr:805 - Attr not supported : Dmpu
2024-10-18 10:25:10,193 [ERROR] ConditionMgr:805 - Attr not supported : Dmpu
2024-10-18 10:25:10,193 [ERROR] ConditionMgr:805 - Attr not supported : Dmpu
2024-10-18 10:25:10,193 [ERROR] ConditionMgr:805 - Attr not supported : Dmpu
2024-10-18 10:25:10,193 [ERROR] ConditionMgr:805 - Attr not supported : Dmpu
2024-10-18 10:25:10,193 [ERROR] ConditionMgr:805 - Attr not supported : Dmpu
2024-10-18 10:25:10,198 [WARN] PackLoader:240 - Cannot read IP mode file for RealThread.X-CUBE-RT-Thread_Nano.4.1.1
2024-10-18 10:25:10,202 [WARN] PackLoader:240 - Cannot read IP mode file for STMicroelectronics.FP-ATR-SIGFOX1.3.2.0
2024-10-18 10:25:10,206 [WARN] PackLoader:240 - Cannot read IP mode file for wolfSSL.I-CUBE-wolfSSL.5.7.2
2024-10-18 10:25:10,212 [WARN] PackLoader:240 - Cannot read IP mode file for STMicroelectronics.X-CUBE-EEPRMA1.5.1.0
2024-10-18 10:25:10,218 [WARN] PackLoader:240 - Cannot read IP mode file for ITTIA_DB.I-CUBE-ITTIADB.8.9.0
2024-10-18 10:25:10,248 [INFO] WebApp:779 - Register for checkConnection events
2024-10-18 10:25:10,248 [INFO] WebApp:414 - Apply proxy settings
2024-10-18 10:25:10,248 [INFO] WebApp:499 - Chromium requires no authentication
2024-10-18 10:25:10,256 [INFO] WebApp:442 - Direct internet connection detected
2024-10-18 10:25:10,274 [WARN] PackLoader:240 - Cannot read IP mode file for SEGGER.I-CUBE-embOS.1.3.1
2024-10-18 10:25:10,348 [WARN] PackLoader:240 - Cannot read IP mode file for STMicroelectronics.X-CUBE-ALGOBUILD.1.4.0
2024-10-18 10:25:10,352 [WARN] PackLoader:240 - Cannot read IP mode file for STMicroelectronics.X-CUBE-AI.9.1.0
2024-10-18 10:25:10,357 [WARN] PackLoader:240 - Cannot read IP mode file for STMicroelectronics.X-CUBE-GNSS1.6.0.0
2024-10-18 10:25:10,377 [WARN] PackLoader:240 - Cannot read IP mode file for STMicroelectronics.X-CUBE-AZRTOS-F4.1.1.0
2024-10-18 10:25:10,384 [WARN] PackLoader:240 - Cannot read IP mode file for STMicroelectronics.X-CUBE-ISPU.2.1.0
2024-10-18 10:25:10,389 [WARN] PackLoader:240 - Cannot read IP mode file for STMicroelectronics.X-CUBE-FREERTOS.1.2.0
2024-10-18 10:25:10,409 [WARN] PackLoader:240 - Cannot read IP mode file for STMicroelectronics.X-CUBE-AZRTOS-L5.2.0.0
2024-10-18 10:25:10,420 [WARN] PackLoader:240 - Cannot read IP mode file for STMicroelectronics.X-CUBE-NFC6.3.1.0
2024-10-18 10:25:10,426 [WARN] PackLoader:240 - Cannot read IP mode file for STMicroelectronics.X-CUBE-AI.9.0.0
2024-10-18 10:25:10,431 [INFO] WebApp:192 - Starting web application
2024-10-18 10:25:10,431 [WARN] PackLoader:240 - Cannot read IP mode file for STMicroelectronics.X-CUBE-NFC7.1.0.1
2024-10-18 10:25:10,431 [INFO] WebApp:544 - Web application path used /opt/st/stm32cubeide_1.15.1/plugins/com.st.stm32cube.common.mx_6.11.1.202404110753/db/plugins/mcufinder/reactClient1/index.html
2024-10-18 10:25:10,435 [WARN] PackLoader:240 - Cannot read IP mode file for wolfSSL.I-CUBE-wolfTPM.3.2.0
2024-10-18 10:25:10,455 [WARN] ConditionMgr:438 - getConditionDescription Invalid condition id : LAN8742 Phy interface Condition cause : null
2024-10-18 10:25:10,456 [WARN] PackLoader:240 - Cannot read IP mode file for STMicroelectronics.X-CUBE-AZRTOS-L4.2.0.0
2024-10-18 10:25:10,458 [WARN] ConditionMgr:1039 - genDependencies : Invalid condition id : LAN8742 Phy interface Condition cause : null
2024-10-18 10:25:10,458 [WARN] ConditionMgr:1039 - genDependencies : Invalid condition id : LAN8742 Phy interface Condition cause : null
2024-10-18 10:25:10,459 [WARN] ConditionMgr:1039 - genDependencies : Invalid condition id : LAN8742 Phy interface Condition cause : null
2024-10-18 10:25:10,472 [WARN] PackLoader:240 - Cannot read IP mode file for STMicroelectronics.X-CUBE-SFXS2LP1.4.0.0
2024-10-18 10:25:10,501 [WARN] PackLoader:240 - Cannot read IP mode file for STMicroelectronics.X-CUBE-AZRTOS-H7.3.3.0
2024-10-18 10:25:10,519 [WARN] PackLoader:240 - Cannot read IP mode file for STMicroelectronics.X-CUBE-IPS.3.0.0
2024-10-18 10:25:10,545 [WARN] ConditionMgr:438 - getConditionDescription Invalid condition id : UX DEVICE CLASS RTOS Condition cause : null
2024-10-18 10:25:10,546 [WARN] ConditionMgr:438 - getConditionDescription Invalid condition id : UX DEVICE CLASS RTOS Condition cause : null
2024-10-18 10:25:10,549 [WARN] PackLoader:240 - Cannot read IP mode file for STMicroelectronics.X-CUBE-AZRTOS-WB.2.0.0
2024-10-18 10:25:10,550 [WARN] ConditionMgr:1039 - genDependencies : Invalid condition id : UX DEVICE CLASS RTOS Condition cause : null
2024-10-18 10:25:10,550 [WARN] ConditionMgr:1039 - genDependencies : Invalid condition id : UX DEVICE CLASS RTOS Condition cause : null
2024-10-18 10:25:10,551 [WARN] ConditionMgr:1039 - genDependencies : Invalid condition id : UX DEVICE CLASS RTOS Condition cause : null
2024-10-18 10:25:10,558 [WARN] ConditionMgr:1039 - genDependencies : Invalid condition id : UX DEVICE CLASS RTOS Condition cause : null
2024-10-18 10:25:10,558 [WARN] ConditionMgr:1039 - genDependencies : Invalid condition id : UX DEVICE CLASS RTOS Condition cause : null
2024-10-18 10:25:10,567 [WARN] PackLoader:240 - Cannot read IP mode file for STMicroelectronics.X-CUBE-GNSS1.7.0.0
2024-10-18 10:25:10,582 [WARN] PackLoader:240 - Cannot read IP mode file for STMicroelectronics.X-CUBE-SUBG2.5.0.0
2024-10-18 10:25:10,594 [WARN] PackLoader:240 - Cannot read IP mode file for Cesanta.I-CUBE-Mongoose.7.13.0
2024-10-18 10:25:10,613 [WARN] PackLoader:240 - Cannot read IP mode file for STMicroelectronics.X-CUBE-AZRTOS-G4.2.0.0
2024-10-18 10:25:10,621 [WARN] PackLoader:240 - Cannot read IP mode file for STMicroelectronics.X-CUBE-ISPU.2.0.0
2024-10-18 10:25:10,625 [WARN] PackLoader:240 - Cannot read IP mode file for STMicroelectronics.X-CUBE-ALS.1.0.2
2024-10-18 10:25:10,674 [WARN] PackLoader:240 - Cannot read IP mode file for STMicroelectronics.X-CUBE-MEMS1.10.0.0
2024-10-18 10:25:10,830 [WARN] PackLoader:240 - Cannot read IP mode file for STMicroelectronics.X-CUBE-TOUCHGFX.4.24.0
2024-10-18 10:25:10,832 [WARN] PackLoader:240 - Cannot read IP mode file for STMicroelectronics.X-CUBE-TOUCHGFX.4.24.1
2024-10-18 10:25:10,836 [WARN] PackLoader:240 - Cannot read IP mode file for portGmbH.I-Cube-SoM-uGOAL.1.1.0
2024-10-18 10:25:10,855 [WARN] PackLoader:240 - Cannot read IP mode file for STMicroelectronics.X-CUBE-AZRTOS-H7RS.1.0.0
2024-10-18 10:25:10,861 [WARN] PackLoader:240 - Cannot read IP mode file for STMicroelectronics.FP-ATR-ASTRA1.2.0.0
2024-10-18 10:25:10,871 [WARN] PackLoader:240 - Cannot read IP mode file for STMicroelectronics.X-CUBE-TOF1.3.4.2
2024-10-18 10:25:10,900 [WARN] PackLoader:240 - Cannot read IP mode file for Infineon.AIROC-Wi-Fi-Bluetooth-STM32.1.6.1
2024-10-18 10:25:10,905 [WARN] PackLoader:240 - Cannot read IP mode file for wolfSSL.I-CUBE-wolfSSH.1.4.17
2024-10-18 10:25:10,906 [INFO] ThirdParty:978 - Integrity check success = true
2024-10-18 10:25:10,906 [INFO] IntegrityCheckThread:100 - exiting critical section [integrity check]
2024-10-18 10:25:10,906 [INFO] IntegrityCheckThread:103 - End integrity checks thread
2024-10-18 10:25:14,241 [INFO] McuFinderGlobals:63 - Set McuFinder mode to 2 (CubeIDE integrated)
2024-10-18 10:25:14,245 [INFO] MainUpdater:2873 - connection check result : 10
2024-10-18 10:25:14,245 [INFO] MainUpdater:2873 - connection check result : 10
2024-10-18 10:25:14,270 [INFO] MicroXplorer:468 - Change Database Path : 
2024-10-18 10:25:14,270 [INFO] MicroXplorer:498 - Change Database Version : DB.6.0.111
2024-10-18 10:25:14,277 [WARN] ThirdParty:871 - waiting for thirdparty lock release [close project]
2024-10-18 10:25:14,277 [INFO] ThirdParty:873 - entering critical section [close project]
2024-10-18 10:25:14,278 [INFO] ThirdParty:883 - exiting critical section [close project]
2024-10-18 10:25:14,280 [INFO] PinOutPanel:1561 - setPackage(No Configuration,No Configuration)
2024-10-18 10:25:14,283 [INFO] UtilMem:75 - Begin LoadConfig() Used Memory: 252793504 Bytes (415236096)
2024-10-18 10:25:14,284 [INFO] MicroXplorer:468 - Change Database Path : 
2024-10-18 10:25:14,284 [INFO] MicroXplorer:498 - Change Database Version : DB.6.0.111
2024-10-18 10:25:14,284 [INFO] OpenFileManager:312 - Change cursor
2024-10-18 10:25:14,322 [INFO] Mcu:2021 - Initializing MCU STM32H753ZITx STM32H753ZITx STM32H753ZIT6
2024-10-18 10:25:17,879 [INFO] Context:663 - Trying to add GPIOservice into a context  which must be forbidden
2024-10-18 10:25:20,024 [INFO] RtosManager:555 - Registered RTOS mode: class=CMSIS, group=RTOS, mode=CMSIS_V1, owner=FREERTOS
2024-10-18 10:25:20,025 [INFO] RtosManager:555 - Registered RTOS mode: class=CMSIS, group=RTOS2, mode=CMSIS_V2, owner=FREERTOS
2024-10-18 10:25:20,025 [INFO] RtosManager:555 - Registered RTOS mode: class=RTOS, group=Core, mode=CMSIS_V1, owner=FREERTOS
2024-10-18 10:25:20,025 [INFO] RtosManager:555 - Registered RTOS mode: class=RTOS, group=Core, mode=CMSIS_V2, owner=FREERTOS
2024-10-18 10:25:20,025 [WARN] ModelIntegratedComponent:184 - Missing modes for component STMicroelectronics:FreeRTOS:0.0.1:STMicroelectronics:RTOS:FreeRTOS:Core:::10.2.0:
2024-10-18 10:25:20,034 [WARN] ModelIntegratedComponent:63 - No mode defined for component null
2024-10-18 10:25:20,035 [WARN] ModelIntegratedComponent:63 - No mode defined for component null
2024-10-18 10:25:20,035 [WARN] ModelIntegratedComponent:63 - No mode defined for component null
2024-10-18 10:25:20,035 [WARN] ModelIntegratedComponent:63 - No mode defined for component null
2024-10-18 10:25:20,035 [WARN] ModelIntegratedComponent:63 - No mode defined for component null
2024-10-18 10:25:20,035 [WARN] ModelIntegratedComponent:63 - No mode defined for component null
2024-10-18 10:25:20,035 [WARN] ModelIntegratedComponent:63 - No mode defined for component null
2024-10-18 10:25:20,035 [WARN] ModelIntegratedComponent:63 - No mode defined for component null
2024-10-18 10:25:20,035 [WARN] ModelIntegratedComponent:63 - No mode defined for component null
2024-10-18 10:25:20,035 [WARN] ModelIntegratedComponent:63 - No mode defined for component null
2024-10-18 10:25:20,035 [WARN] ModelIntegratedComponent:63 - No mode defined for component null
2024-10-18 10:25:20,035 [WARN] ModelIntegratedComponent:63 - No mode defined for component null
2024-10-18 10:25:20,035 [WARN] ModelIntegratedComponent:63 - No mode defined for component null
2024-10-18 10:25:20,035 [WARN] ModelIntegratedComponent:63 - No mode defined for component null
2024-10-18 10:25:20,035 [WARN] ModelIntegratedComponent:63 - No mode defined for component null
2024-10-18 10:25:20,035 [WARN] ModelIntegratedComponent:63 - No mode defined for component null
2024-10-18 10:25:20,035 [WARN] ModelIntegratedComponent:63 - No mode defined for component null
2024-10-18 10:25:20,036 [WARN] ModelIntegratedComponent:63 - No mode defined for component null
2024-10-18 10:25:20,036 [WARN] ModelIntegratedComponent:63 - No mode defined for component null
2024-10-18 10:25:20,036 [WARN] ModelIntegratedComponent:63 - No mode defined for component null
2024-10-18 10:25:20,036 [WARN] ModelIntegratedComponent:63 - No mode defined for component null
2024-10-18 10:25:20,036 [WARN] ModelIntegratedComponent:63 - No mode defined for component null
2024-10-18 10:25:20,036 [WARN] ModelIntegratedComponent:63 - No mode defined for component null
2024-10-18 10:25:20,036 [WARN] ModelIntegratedComponent:63 - No mode defined for component null
2024-10-18 10:25:20,036 [WARN] ModelIntegratedComponent:63 - No mode defined for component null
2024-10-18 10:25:20,036 [WARN] ModelIntegratedComponent:63 - No mode defined for component null
2024-10-18 10:25:20,036 [WARN] ModelIntegratedComponent:63 - No mode defined for component null
2024-10-18 10:25:20,036 [WARN] ModelIntegratedComponent:63 - No mode defined for component null
2024-10-18 10:25:20,036 [WARN] ModelIntegratedComponent:63 - No mode defined for component null
2024-10-18 10:25:20,036 [WARN] ModelIntegratedComponent:63 - No mode defined for component null
2024-10-18 10:25:20,036 [WARN] ModelIntegratedComponent:63 - No mode defined for component null
2024-10-18 10:25:20,036 [WARN] ModelIntegratedComponent:63 - No mode defined for component null
2024-10-18 10:25:20,036 [WARN] ModelIntegratedComponent:63 - No mode defined for component null
2024-10-18 10:25:20,036 [WARN] ModelIntegratedComponent:63 - No mode defined for component null
2024-10-18 10:25:20,138 [INFO] ThirdPartyModel:298 - Start build external matchings
2024-10-18 10:25:20,707 [INFO] ThirdPartyModel:316 - End build external matchings
2024-10-18 10:25:20,722 [INFO] RtosManager:919 - Current active RTOS is FREERTOS [Cortex-M7NS]
2024-10-18 10:25:20,729 [INFO] ImportTextPane:194 - (OptionalMessage_ERROR) IP (DMA) : Parameter (Instance) has Id (USART3_RX) currently not set
2024-10-18 10:25:20,729 [INFO] ImportTextPane:194 - (OptionalMessage_ERROR) IP (DMA) : Parameter (Request) has Id (USART3_RX) currently not set
2024-10-18 10:25:20,729 [INFO] ImportTextPane:194 - (OptionalMessage_ERROR) IP (DMA) : Parameter (Direction) has Id (USART3_RX) currently not set
2024-10-18 10:25:20,729 [INFO] ImportTextPane:194 - (OptionalMessage_ERROR) IP (DMA) : Parameter (PeriphInc) has Id (USART3_RX) currently not set
2024-10-18 10:25:20,729 [INFO] ImportTextPane:194 - (OptionalMessage_ERROR) IP (DMA) : Parameter (MemInc) has Id (USART3_RX) currently not set
2024-10-18 10:25:20,729 [INFO] ImportTextPane:194 - (OptionalMessage_ERROR) IP (DMA) : Parameter (PeriphDataAlignment) has Id (USART3_RX) currently not set
2024-10-18 10:25:20,730 [INFO] ImportTextPane:194 - (OptionalMessage_ERROR) IP (DMA) : Parameter (MemDataAlignment) has Id (USART3_RX) currently not set
2024-10-18 10:25:20,730 [INFO] ImportTextPane:194 - (OptionalMessage_ERROR) IP (DMA) : Parameter (Mode) has Id (USART3_RX) currently not set
2024-10-18 10:25:20,730 [INFO] ImportTextPane:194 - (OptionalMessage_ERROR) IP (DMA) : Parameter (Priority) has Id (USART3_RX) currently not set
2024-10-18 10:25:20,730 [INFO] ImportTextPane:194 - (OptionalMessage_ERROR) IP (DMA) : Parameter (FIFOMode) has Id (USART3_RX) currently not set
2024-10-18 10:25:20,730 [INFO] ImportTextPane:194 - (OptionalMessage_ERROR) IP (DMA) : Parameter (SignalID) has Id (USART3_RX) currently not set
2024-10-18 10:25:20,730 [INFO] ImportTextPane:194 - (OptionalMessage_ERROR) IP (DMA) : Parameter (Polarity) has Id (USART3_RX) currently not set
2024-10-18 10:25:20,730 [INFO] ImportTextPane:194 - (OptionalMessage_ERROR) IP (DMA) : Parameter (RequestNumber) has Id (USART3_RX) currently not set
2024-10-18 10:25:20,730 [INFO] ImportTextPane:194 - (OptionalMessage_ERROR) IP (DMA) : Parameter (SyncSignalID) has Id (USART3_RX) currently not set
2024-10-18 10:25:20,730 [INFO] ImportTextPane:194 - (OptionalMessage_ERROR) IP (DMA) : Parameter (SyncPolarity) has Id (USART3_RX) currently not set
2024-10-18 10:25:20,730 [INFO] ImportTextPane:194 - (OptionalMessage_ERROR) IP (DMA) : Parameter (SyncEnable) has Id (USART3_RX) currently not set
2024-10-18 10:25:20,730 [INFO] ImportTextPane:194 - (OptionalMessage_ERROR) IP (DMA) : Parameter (EventEnable) has Id (USART3_RX) currently not set
2024-10-18 10:25:20,730 [INFO] ImportTextPane:194 - (OptionalMessage_ERROR) IP (DMA) : Parameter (SyncRequestNumber) has Id (USART3_RX) currently not set
2024-10-18 10:25:20,730 [INFO] ImportTextPane:194 - (OptionalMessage_ERROR) IP (DMA) : Parameter (Instance) has Id (USART3_TX) currently not set
2024-10-18 10:25:20,730 [INFO] ImportTextPane:194 - (OptionalMessage_ERROR) IP (DMA) : Parameter (Request) has Id (USART3_TX) currently not set
2024-10-18 10:25:20,730 [INFO] ImportTextPane:194 - (OptionalMessage_ERROR) IP (DMA) : Parameter (Direction) has Id (USART3_TX) currently not set
2024-10-18 10:25:20,730 [INFO] ImportTextPane:194 - (OptionalMessage_ERROR) IP (DMA) : Parameter (PeriphInc) has Id (USART3_TX) currently not set
2024-10-18 10:25:20,731 [INFO] ImportTextPane:194 - (OptionalMessage_ERROR) IP (DMA) : Parameter (MemInc) has Id (USART3_TX) currently not set
2024-10-18 10:25:20,731 [INFO] ImportTextPane:194 - (OptionalMessage_ERROR) IP (DMA) : Parameter (PeriphDataAlignment) has Id (USART3_TX) currently not set
2024-10-18 10:25:20,731 [INFO] ImportTextPane:194 - (OptionalMessage_ERROR) IP (DMA) : Parameter (MemDataAlignment) has Id (USART3_TX) currently not set
2024-10-18 10:25:20,731 [INFO] ImportTextPane:194 - (OptionalMessage_ERROR) IP (DMA) : Parameter (Mode) has Id (USART3_TX) currently not set
2024-10-18 10:25:20,731 [INFO] ImportTextPane:194 - (OptionalMessage_ERROR) IP (DMA) : Parameter (Priority) has Id (USART3_TX) currently not set
2024-10-18 10:25:20,731 [INFO] ImportTextPane:194 - (OptionalMessage_ERROR) IP (DMA) : Parameter (FIFOMode) has Id (USART3_TX) currently not set
2024-10-18 10:25:20,731 [INFO] ImportTextPane:194 - (OptionalMessage_ERROR) IP (DMA) : Parameter (SignalID) has Id (USART3_TX) currently not set
2024-10-18 10:25:20,731 [INFO] ImportTextPane:194 - (OptionalMessage_ERROR) IP (DMA) : Parameter (Polarity) has Id (USART3_TX) currently not set
2024-10-18 10:25:20,731 [INFO] ImportTextPane:194 - (OptionalMessage_ERROR) IP (DMA) : Parameter (RequestNumber) has Id (USART3_TX) currently not set
2024-10-18 10:25:20,731 [INFO] ImportTextPane:194 - (OptionalMessage_ERROR) IP (DMA) : Parameter (SyncSignalID) has Id (USART3_TX) currently not set
2024-10-18 10:25:20,731 [INFO] ImportTextPane:194 - (OptionalMessage_ERROR) IP (DMA) : Parameter (SyncPolarity) has Id (USART3_TX) currently not set
2024-10-18 10:25:20,731 [INFO] ImportTextPane:194 - (OptionalMessage_ERROR) IP (DMA) : Parameter (SyncEnable) has Id (USART3_TX) currently not set
2024-10-18 10:25:20,731 [INFO] ImportTextPane:194 - (OptionalMessage_ERROR) IP (DMA) : Parameter (EventEnable) has Id (USART3_TX) currently not set
2024-10-18 10:25:20,731 [INFO] ImportTextPane:194 - (OptionalMessage_ERROR) IP (DMA) : Parameter (SyncRequestNumber) has Id (USART3_TX) currently not set
2024-10-18 10:25:20,747 [INFO] ImportTextPane:194 - (OptionalMessage_ERROR) IP (RCC) : Parameter (FDCANFreq_Value) has invalid value (240000000)
2024-10-18 10:25:20,747 [INFO] ImportTextPane:194 - (OptionalMessage_ERROR) IP (RCC) : Invalid parameter (FamilyName)
2024-10-18 10:25:20,748 [INFO] ImportTextPane:194 - (OptionalMessage_ERROR) IP (RCC) : Parameter (SAI1Freq_Value) has invalid value (240000000)
2024-10-18 10:25:20,748 [INFO] ImportTextPane:194 - (OptionalMessage_ERROR) IP (RCC) : Parameter (SAI23Freq_Value) has invalid value (240000000)
2024-10-18 10:25:20,748 [INFO] ImportTextPane:194 - (OptionalMessage_ERROR) IP (RCC) : Parameter (SAI4AFreq_Value) has invalid value (240000000)
2024-10-18 10:25:20,748 [INFO] ImportTextPane:194 - (OptionalMessage_ERROR) IP (RCC) : Parameter (SAI4BFreq_Value) has invalid value (240000000)
2024-10-18 10:25:20,748 [INFO] ImportTextPane:194 - (OptionalMessage_ERROR) IP (RCC) : Parameter (SPI123Freq_Value) has invalid value (240000000)
2024-10-18 10:25:21,220 [INFO] ApiDb:581 - Connected to CubeFinder SQLite database (/home/toffanetto/.stmcufinder/plugins/mcufinder/mcu/cube-finder-db.db)
2024-10-18 10:25:21,280 [INFO] ApiDb:668 - CubeFinder database Data Model version=2.1
2024-10-18 10:25:21,280 [INFO] ApiDb:669 - CubeFinder database Configuration version=3.0.39
2024-10-18 10:25:21,280 [INFO] ApiDb:670 - CubeFinder database generation date=2024-09-16 (1726485674)
2024-10-18 10:25:21,280 [INFO] ApiDb:671 - CubeFinder database FW Pack versions=[FP-ATR-ASTRA1_V2.0.0, FP-SNS-FLIGHT1_V5.0.2, FP-SNS-MOTENV1_V5.0.0, FP-SNS-MOTENVWB1_V1.4.0, FP-SNS-SMARTAG2_V1.2.0, FP-SNS-STBOX1_V2.0.0, STM32Cube_FW_C0_V1.2.0, STM32Cube_FW_F4_V1.28.1, STM32Cube_FW_F7_V1.17.2, STM32Cube_FW_G0_V1.6.2, STM32Cube_FW_G4_V1.6.0, STM32Cube_FW_H5_V1.3.0, STM32Cube_FW_H7RS_V1.1.0, STM32Cube_FW_H7_V1.11.2, STM32Cube_FW_L0_V1.12.2, STM32Cube_FW_L5_V1.5.1, STM32Cube_FW_U0_V1.1.0, STM32Cube_FW_U5_V1.6.0, STM32Cube_FW_WB0_V1.0.0, STM32Cube_FW_WBA_V1.4.1, STM32Cube_FW_WB_V1.20.0, STM32Cube_FW_WL_V1.3.0, X-CUBE-ALGOBUILD_V1.4.0, X-CUBE-ALS_V1.0.2, X-CUBE-AZRTOS-F4_V1.1.0, X-CUBE-AZRTOS-F7_V1.1.0, X-CUBE-AZRTOS-G0_V1.1.0, X-CUBE-AZRTOS-G4_V2.0.0, X-CUBE-AZRTOS-H7RS_V1.0.0, X-CUBE-AZRTOS-H7_V3.2.0, X-CUBE-AZRTOS-L4_V2.0.0, X-CUBE-AZRTOS-L5_V2.0.0, X-CUBE-AZRTOS-WB_V2.0.0, X-CUBE-AZRTOS-WL_V2.0.0, X-CUBE-BLE1_V7.0.0, X-CUBE-BLE2_V3.3.0, X-CUBE-BLEMGR_V3.1.0, X-CUBE-EEPRMA1_V5.1.0, X-CUBE-FREERTOS_V1.2.0, X-CUBE-GNSS1_V6.0.0, X-CUBE-MEMS1_V11.0.0, X-CUBE-NFC4_V3.0.0, X-CUBE-NFC7_V1.0.1, X-CUBE-SFXS2LP1_V4.0.0, X-CUBE-SUBG2_V5.0.0, X-CUBE-TOF1_V3.4.2]
2024-10-18 10:25:21,418 [INFO] DbBoardsSqlite:226 - include board P-NUCLEO-WB55-NUCLEO as a kit item of type 'Nucleo-64'
2024-10-18 10:25:21,419 [INFO] DbBoardsSqlite:226 - include board P-NUCLEO-WB55-USBDONGLE as a kit item of type 'Nucleo USB Dongle'
2024-10-18 10:25:21,420 [INFO] DbBoardsSqlite:226 - include board STEVAL-IDP005V1 as a kit item of type 'Evaluation Board'
2024-10-18 10:25:21,420 [INFO] DbBoardsSqlite:226 - include board STEVAL-IDP005V2 as a kit item of type 'Evaluation Board'
2024-10-18 10:25:21,615 [INFO] ApiDb:240 - Found 483 in-development CPN: [B-G473E-ZEST1S, B-WB1M-WPAN1, B-WL5M-SUBG1, NUCLEO-C031C6, NUCLEO-H503RB, NUCLEO-H533RE, NUCLEO-H563ZI, NUCLEO-H7S3L8, NUCLEO-U031R8, NUCLEO-U083RC, NUCLEO-U545RE-Q, NUCLEO-U5A5ZJ-Q, NUCLEO-WBA52CG, NUCLEO-WBA55CG, STEVAL-PROTEUS1, STEVAL-SMARTAG2, STEVAL-STWINBX1, STM320518-EVAL, STM32C0116-DK, STM32C011D6Y3TR, STM32C011D6Y6TR, STM32C011F4P3, STM32C011F4P6, STM32C011F4U3, STM32C011F4U6TR, STM32C011F6P3, STM32C011F6P6, STM32C011F6U3, STM32C011F6U6TR, STM32C011J4M3, STM32C011J4M6, STM32C011J6M3, STM32C011J6M6, STM32C0316-DK, STM32C031C4T3, STM32C031C4T6, STM32C031C4U3, STM32C031C4U6, STM32C031C6T3, STM32C031C6T6, STM32C031C6U3, STM32C031C6U6, STM32C031F4P3, STM32C031F4P6, STM32C031F6P3, STM32C031F6P6, STM32C031G4U3, STM32C031G4U6, STM32C031G6U3, STM32C031G6U6, STM32C031K4T3, STM32C031K4T6, STM32C031K4U3, STM32C031K4U6, STM32C031K6T3, STM32C031K6T6, STM32C031K6U3, STM32C031K6U6, STM32G071K8TXN, STM32G071K8UXN, STM32G081GBU6N, STM32G081KBT6N, STM32G081KBUXN, STM32G0B1CCT6N, STM32G0B1KCT6, STM32G0B1NEY6TR, STM32G0B1RCT6N, STM32G0C1CCT6, STM32G0C1CCT6N, STM32G0C1CCU6N, STM32G0C1CET6N, STM32G0C1CEU6N, STM32G0C1KCT6, STM32G0C1NEY6TR, STM32G0C1RCI6N, STM32G0C1RCT6N, STM32G0C1REI6N, STM32G0C1RET6N, STM32G0C1VCI6, STM32G0C1VEI6, STM32G471CCT6, STM32G471CCU6, STM32G471CET3, STM32G471CET6, STM32G471CEU3, STM32G471CEU6, STM32G471MCT6, STM32G471MET3, STM32G471MET6, STM32G471MEY6TR, STM32G471QCT6, STM32G471QET3, STM32G471RCT6, STM32G471RET3, STM32G471RET6, STM32G471VCH6, STM32G471VCI6, STM32G471VCT6, STM32G471VEH3, STM32G471VEH6, STM32G471VEI3, STM32G471VEI6, STM32G471VET3, STM32G471VET6, STM32G474CCT6, STM32H503CBT6, STM32H503CBU6, STM32H503EBY6TR, STM32H503KBU6, STM32H503RBT6, STM32H523CCT6, STM32H523CCU6, STM32H523CET6, STM32H523CEU6, STM32H523HEY6TR, STM32H523RCT6, STM32H523RET6, STM32H523VCI6, STM32H523VCT6, STM32H523VEI6, STM32H523VET6, STM32H523ZCJ6, STM32H523ZCT6, STM32H523ZEJ6, STM32H523ZET6, STM32H533CET6, STM32H533CEU6, STM32H533HEY6TR, STM32H533RET6, STM32H533VEI6, STM32H533VET6, STM32H533ZEJ6, STM32H533ZET6, STM32H562AGI6, STM32H562AII6, STM32H562IGK6, STM32H562IGT6, STM32H562IIK6, STM32H562IIT6, STM32H562RGT6, STM32H562RGV6, STM32H562RIT6, STM32H562RIV6, STM32H562VGT6, STM32H562VIT6, STM32H562ZGT6, STM32H562ZIT6, STM32H563AGI6, STM32H563AII3Q, STM32H563AII6, STM32H563IGK6, STM32H563IGT6, STM32H563IIK3Q, STM32H563IIK6, STM32H563IIT3Q, STM32H563IIT6, STM32H563MIY3QTR, STM32H563RGT6, STM32H563RGV6, STM32H563RIT6, STM32H563RIV6, STM32H563VGT6, STM32H563VIT3Q, STM32H563VIT6, STM32H563ZGT6, STM32H563ZIT3Q, STM32H563ZIT6, STM32H573AII3Q, STM32H573AII6, STM32H573I-DK, STM32H573IIK3Q, STM32H573IIK6, STM32H573IIT3Q, STM32H573IIT6, STM32H573MIY3QTR, STM32H573RIT6, STM32H573RIV6, STM32H573VIT3Q, STM32H573VIT6, STM32H573ZIT3Q, STM32H573ZIT6, STM32H7R3A8I6, STM32H7R3I8K6, STM32H7R3I8T6, STM32H7R3L8H6, STM32H7R3L8H6H, STM32H7R3R8V6, STM32H7R3V8H6, STM32H7R3V8T6, STM32H7R3V8Y6, STM32H7R3Z8J6, STM32H7R3Z8T6, STM32H7R7A8I6, STM32H7R7I8K6, STM32H7R7I8T6, STM32H7R7L8H6, STM32H7R7L8H6H, STM32H7R7Z8J6, STM32H7S3A8I6, STM32H7S3I8K6, STM32H7S3I8T6, STM32H7S3L8H6, STM32H7S3L8H6H, STM32H7S3R8V6, STM32H7S3V8H6, STM32H7S3V8T6, STM32H7S3V8Y6, STM32H7S3Z8J6, STM32H7S3Z8T6, STM32H7S78-DK, STM32H7S7A8I6, STM32H7S7I8K6, STM32H7S7I8T6, STM32H7S7L8H6, STM32H7S7L8H6H, STM32H7S7Z8J6, STM32L4R5QGI6STR, STM32MP131AAE3, STM32MP131AAF3, STM32MP131AAG3, STM32MP131CAE3, STM32MP131CAF3, STM32MP131CAG3, STM32MP131DAE7, STM32MP131DAF7, STM32MP131DAG7, STM32MP131FAE7, STM32MP131FAF7, STM32MP131FAG7, STM32MP133AAE3, STM32MP133AAF3, STM32MP133AAG3, STM32MP133CAE3, STM32MP133CAF3, STM32MP133CAG3, STM32MP133DAE7, STM32MP133DAF7, STM32MP133DAG7, STM32MP133FAE7, STM32MP133FAF7, STM32MP133FAG7, STM32MP135AAE3, STM32MP135AAF3, STM32MP135AAG3, STM32MP135CAE3, STM32MP135CAF3, STM32MP135CAG3, STM32MP135DAE7, STM32MP135DAF7, STM32MP135DAG7, STM32MP135F-DK, STM32MP135FAE7, STM32MP135FAF7, STM32MP135FAF7T, STM32MP135FAF7U, STM32MP135FAG7, STM32U031C6T6, STM32U031C6U6, STM32U031C8T6, STM32U031C8U6, STM32U031F4P6, STM32U031F6P6, STM32U031F8P6, STM32U031G6Y6TR, STM32U031G8Y6TR, STM32U031K4U6, STM32U031K6U6, STM32U031K8U6, STM32U031R6I6, STM32U031R6T6, STM32U031R8I6, STM32U031R8T6, STM32U073C8T6, STM32U073C8U6, STM32U073CBT6, STM32U073CBU6, STM32U073CCT6, STM32U073CCU6, STM32U073H8Y6TR, STM32U073HBY6TR, STM32U073HCY6TR, STM32U073K8U6, STM32U073KBU6, STM32U073KCU6, STM32U073M8I6, STM32U073M8T6, STM32U073MBI6, STM32U073MBT6, STM32U073MCI6, STM32U073MCT6, STM32U073R8I6, STM32U073R8T6, STM32U073RBI6, STM32U073RBT6, STM32U073RCI6, STM32U073RCT6, STM32U083C-DK, STM32U083CCT6, STM32U083CCU6, STM32U083HCY6TR, STM32U083KCU6, STM32U083MCI6, STM32U083MCT6, STM32U083RCI6, STM32U083RCT6, STM32U535CBT6, STM32U535CBT6Q, STM32U535CBU6, STM32U535CBU6Q, STM32U535CCT6, STM32U535CCT6Q, STM32U535CCU6, STM32U535CCU6Q, STM32U535CET6, STM32U535CET6Q, STM32U535CEU6, STM32U535CEU6Q, STM32U535JEY6QTR, STM32U535NCY6QTR, STM32U535NEY6QTR, STM32U535RBI6, STM32U535RBI6Q, STM32U535RBT6, STM32U535RBT6Q, STM32U535RCI6, STM32U535RCI6Q, STM32U535RCT6, STM32U535RCT6Q, STM32U535REI6, STM32U535REI6Q, STM32U535RET6, STM32U535RET6Q, STM32U535VCI6, STM32U535VCI6Q, STM32U535VCT6, STM32U535VCT6Q, STM32U535VEI6, STM32U535VEI6Q, STM32U535VET6, STM32U535VET6Q, STM32U545CET6, STM32U545CET6Q, STM32U545CEU6, STM32U545CEU6Q, STM32U545JEY6QTR, STM32U545NEY6QTR, STM32U545REI6, STM32U545REI6Q, STM32U545RET6, STM32U545RET6Q, STM32U545VEI6, STM32U545VEI6Q, STM32U545VET6, STM32U545VET6Q, STM32U595AIH6, STM32U595AIH6Q, STM32U595AJH6, STM32U595AJH6Q, STM32U595QII6, STM32U595QII6Q, STM32U595QJI6, STM32U595QJI6Q, STM32U595RIT6, STM32U595RIT6Q, STM32U595RJT6, STM32U595RJT6Q, STM32U595VIT6, STM32U595VIT6Q, STM32U595VJT6, STM32U595VJT6Q, STM32U595ZIT6, STM32U595ZIT6Q, STM32U595ZIY6QTR, STM32U595ZJT6, STM32U595ZJT6Q, STM32U595ZJY6QTR, STM32U599BJY6QTR, STM32U599NIH6Q, STM32U599NJH6Q, STM32U599VIT6Q, STM32U599VJT6, STM32U599VJT6Q, STM32U599ZIT6Q, STM32U599ZIY6QTR, STM32U599ZJT6Q, STM32U599ZJY6QTR, STM32U5A5AJH6, STM32U5A5AJH6Q, STM32U5A5QII3Q , STM32U5A5QJI6, STM32U5A5QJI6Q, STM32U5A5RJT6, STM32U5A5RJT6Q, STM32U5A5VJT6, STM32U5A5VJT6Q, STM32U5A5ZJT6, STM32U5A5ZJT6Q, STM32U5A5ZJY6QTR, STM32U5A9BJY6QTR, STM32U5A9J-DK, STM32U5A9NJH6Q, STM32U5A9VJT6Q, STM32U5A9ZJT6Q, STM32U5A9ZJY6QTR, STM32U5F7VIT6, STM32U5F7VIT6Q, STM32U5F7VJT6, STM32U5F7VJT6Q, STM32U5F9BJY6QTR, STM32U5F9NJH6Q, STM32U5F9VIT6Q, STM32U5F9VJT6Q, STM32U5F9ZIJ6QTR, STM32U5F9ZIT6Q, STM32U5F9ZJJ6QTR, STM32U5F9ZJT6Q, STM32U5G7VJT6, STM32U5G7VJT6Q, STM32U5G9BJY6QTR, STM32U5G9J-DK1, STM32U5G9J-DK2, STM32U5G9NJH6Q, STM32U5G9VJT6Q, STM32U5G9ZJJ6QTR, STM32U5G9ZJT6Q, STM32WB1MMCH6, STM32WBA50KEU6, STM32WBA50KEU6TR, STM32WBA50KGU6, STM32WBA50KGU6TR, STM32WBA52CEU6, STM32WBA52CEU6TR, STM32WBA52CEU7, STM32WBA52CEU7TR, STM32WBA52CGU6, STM32WBA52CGU6TR, STM32WBA52CGU6U, STM32WBA52CGU7, STM32WBA52CGU7TR, STM32WBA52KEU6, STM32WBA52KEU6TR, STM32WBA52KGU6, STM32WBA52KGU6TR, STM32WBA54CEU6, STM32WBA54CEU6TR, STM32WBA54CEU7, STM32WBA54CEU7TR, STM32WBA54CGU6, STM32WBA54CGU6TR, STM32WBA54CGU7, STM32WBA54CGU7TR, STM32WBA54KEU6, STM32WBA54KEU6TR, STM32WBA54KEU7, STM32WBA54KEU7TR, STM32WBA54KGU6, STM32WBA54KGU6TR, STM32WBA54KGU7, STM32WBA54KGU7TR, STM32WBA55CEU6, STM32WBA55CEU6TR, STM32WBA55CEU7, STM32WBA55CEU7TR, STM32WBA55CGU6, STM32WBA55CGU6TR, STM32WBA55CGU6U, STM32WBA55CGU7, STM32WBA55CGU7TR, STM32WBA55G-DK1, STM32WBA55HEF6, STM32WBA55HEF7, STM32WBA55HGF6, STM32WBA55HGF7, STM32WBA55UEI6, STM32WBA55UEI6TR, STM32WBA55UEI7, STM32WBA55UEI7TR, STM32WBA55UGI6, STM32WBA55UGI6TR, STM32WBA55UGI7, STM32WBA55UGI7TR, STM32WL5MOCH6, STM32WL5MOCH6TR]
2024-10-18 10:25:21,619 [INFO] ApiDb:668 - CubeFinder database Data Model version=2.1
2024-10-18 10:25:21,619 [INFO] ApiDb:669 - CubeFinder database Configuration version=3.0.39
2024-10-18 10:25:21,619 [INFO] ApiDb:670 - CubeFinder database generation date=2024-09-16 (1726485674)
2024-10-18 10:25:21,619 [INFO] ApiDb:671 - CubeFinder database FW Pack versions=[FP-ATR-ASTRA1_V2.0.0, FP-SNS-FLIGHT1_V5.0.2, FP-SNS-MOTENV1_V5.0.0, FP-SNS-MOTENVWB1_V1.4.0, FP-SNS-SMARTAG2_V1.2.0, FP-SNS-STBOX1_V2.0.0, STM32Cube_FW_C0_V1.2.0, STM32Cube_FW_F4_V1.28.1, STM32Cube_FW_F7_V1.17.2, STM32Cube_FW_G0_V1.6.2, STM32Cube_FW_G4_V1.6.0, STM32Cube_FW_H5_V1.3.0, STM32Cube_FW_H7RS_V1.1.0, STM32Cube_FW_H7_V1.11.2, STM32Cube_FW_L0_V1.12.2, STM32Cube_FW_L5_V1.5.1, STM32Cube_FW_U0_V1.1.0, STM32Cube_FW_U5_V1.6.0, STM32Cube_FW_WB0_V1.0.0, STM32Cube_FW_WBA_V1.4.1, STM32Cube_FW_WB_V1.20.0, STM32Cube_FW_WL_V1.3.0, X-CUBE-ALGOBUILD_V1.4.0, X-CUBE-ALS_V1.0.2, X-CUBE-AZRTOS-F4_V1.1.0, X-CUBE-AZRTOS-F7_V1.1.0, X-CUBE-AZRTOS-G0_V1.1.0, X-CUBE-AZRTOS-G4_V2.0.0, X-CUBE-AZRTOS-H7RS_V1.0.0, X-CUBE-AZRTOS-H7_V3.2.0, X-CUBE-AZRTOS-L4_V2.0.0, X-CUBE-AZRTOS-L5_V2.0.0, X-CUBE-AZRTOS-WB_V2.0.0, X-CUBE-AZRTOS-WL_V2.0.0, X-CUBE-BLE1_V7.0.0, X-CUBE-BLE2_V3.3.0, X-CUBE-BLEMGR_V3.1.0, X-CUBE-EEPRMA1_V5.1.0, X-CUBE-FREERTOS_V1.2.0, X-CUBE-GNSS1_V6.0.0, X-CUBE-MEMS1_V11.0.0, X-CUBE-NFC4_V3.0.0, X-CUBE-NFC7_V1.0.1, X-CUBE-SFXS2LP1_V4.0.0, X-CUBE-SUBG2_V5.0.0, X-CUBE-TOF1_V3.4.2]
2024-10-18 10:25:23,703 [INFO] ApiDb:240 - Found 483 in-development CPN: [B-G473E-ZEST1S, B-WB1M-WPAN1, B-WL5M-SUBG1, NUCLEO-C031C6, NUCLEO-H503RB, NUCLEO-H533RE, NUCLEO-H563ZI, NUCLEO-H7S3L8, NUCLEO-U031R8, NUCLEO-U083RC, NUCLEO-U545RE-Q, NUCLEO-U5A5ZJ-Q, NUCLEO-WBA52CG, NUCLEO-WBA55CG, STEVAL-PROTEUS1, STEVAL-SMARTAG2, STEVAL-STWINBX1, STM320518-EVAL, STM32C0116-DK, STM32C011D6Y3TR, STM32C011D6Y6TR, STM32C011F4P3, STM32C011F4P6, STM32C011F4U3, STM32C011F4U6TR, STM32C011F6P3, STM32C011F6P6, STM32C011F6U3, STM32C011F6U6TR, STM32C011J4M3, STM32C011J4M6, STM32C011J6M3, STM32C011J6M6, STM32C0316-DK, STM32C031C4T3, STM32C031C4T6, STM32C031C4U3, STM32C031C4U6, STM32C031C6T3, STM32C031C6T6, STM32C031C6U3, STM32C031C6U6, STM32C031F4P3, STM32C031F4P6, STM32C031F6P3, STM32C031F6P6, STM32C031G4U3, STM32C031G4U6, STM32C031G6U3, STM32C031G6U6, STM32C031K4T3, STM32C031K4T6, STM32C031K4U3, STM32C031K4U6, STM32C031K6T3, STM32C031K6T6, STM32C031K6U3, STM32C031K6U6, STM32G071K8TXN, STM32G071K8UXN, STM32G081GBU6N, STM32G081KBT6N, STM32G081KBUXN, STM32G0B1CCT6N, STM32G0B1KCT6, STM32G0B1NEY6TR, STM32G0B1RCT6N, STM32G0C1CCT6, STM32G0C1CCT6N, STM32G0C1CCU6N, STM32G0C1CET6N, STM32G0C1CEU6N, STM32G0C1KCT6, STM32G0C1NEY6TR, STM32G0C1RCI6N, STM32G0C1RCT6N, STM32G0C1REI6N, STM32G0C1RET6N, STM32G0C1VCI6, STM32G0C1VEI6, STM32G471CCT6, STM32G471CCU6, STM32G471CET3, STM32G471CET6, STM32G471CEU3, STM32G471CEU6, STM32G471MCT6, STM32G471MET3, STM32G471MET6, STM32G471MEY6TR, STM32G471QCT6, STM32G471QET3, STM32G471RCT6, STM32G471RET3, STM32G471RET6, STM32G471VCH6, STM32G471VCI6, STM32G471VCT6, STM32G471VEH3, STM32G471VEH6, STM32G471VEI3, STM32G471VEI6, STM32G471VET3, STM32G471VET6, STM32G474CCT6, STM32H503CBT6, STM32H503CBU6, STM32H503EBY6TR, STM32H503KBU6, STM32H503RBT6, STM32H523CCT6, STM32H523CCU6, STM32H523CET6, STM32H523CEU6, STM32H523HEY6TR, STM32H523RCT6, STM32H523RET6, STM32H523VCI6, STM32H523VCT6, STM32H523VEI6, STM32H523VET6, STM32H523ZCJ6, STM32H523ZCT6, STM32H523ZEJ6, STM32H523ZET6, STM32H533CET6, STM32H533CEU6, STM32H533HEY6TR, STM32H533RET6, STM32H533VEI6, STM32H533VET6, STM32H533ZEJ6, STM32H533ZET6, STM32H562AGI6, STM32H562AII6, STM32H562IGK6, STM32H562IGT6, STM32H562IIK6, STM32H562IIT6, STM32H562RGT6, STM32H562RGV6, STM32H562RIT6, STM32H562RIV6, STM32H562VGT6, STM32H562VIT6, STM32H562ZGT6, STM32H562ZIT6, STM32H563AGI6, STM32H563AII3Q, STM32H563AII6, STM32H563IGK6, STM32H563IGT6, STM32H563IIK3Q, STM32H563IIK6, STM32H563IIT3Q, STM32H563IIT6, STM32H563MIY3QTR, STM32H563RGT6, STM32H563RGV6, STM32H563RIT6, STM32H563RIV6, STM32H563VGT6, STM32H563VIT3Q, STM32H563VIT6, STM32H563ZGT6, STM32H563ZIT3Q, STM32H563ZIT6, STM32H573AII3Q, STM32H573AII6, STM32H573I-DK, STM32H573IIK3Q, STM32H573IIK6, STM32H573IIT3Q, STM32H573IIT6, STM32H573MIY3QTR, STM32H573RIT6, STM32H573RIV6, STM32H573VIT3Q, STM32H573VIT6, STM32H573ZIT3Q, STM32H573ZIT6, STM32H7R3A8I6, STM32H7R3I8K6, STM32H7R3I8T6, STM32H7R3L8H6, STM32H7R3L8H6H, STM32H7R3R8V6, STM32H7R3V8H6, STM32H7R3V8T6, STM32H7R3V8Y6, STM32H7R3Z8J6, STM32H7R3Z8T6, STM32H7R7A8I6, STM32H7R7I8K6, STM32H7R7I8T6, STM32H7R7L8H6, STM32H7R7L8H6H, STM32H7R7Z8J6, STM32H7S3A8I6, STM32H7S3I8K6, STM32H7S3I8T6, STM32H7S3L8H6, STM32H7S3L8H6H, STM32H7S3R8V6, STM32H7S3V8H6, STM32H7S3V8T6, STM32H7S3V8Y6, STM32H7S3Z8J6, STM32H7S3Z8T6, STM32H7S78-DK, STM32H7S7A8I6, STM32H7S7I8K6, STM32H7S7I8T6, STM32H7S7L8H6, STM32H7S7L8H6H, STM32H7S7Z8J6, STM32L4R5QGI6STR, STM32MP131AAE3, STM32MP131AAF3, STM32MP131AAG3, STM32MP131CAE3, STM32MP131CAF3, STM32MP131CAG3, STM32MP131DAE7, STM32MP131DAF7, STM32MP131DAG7, STM32MP131FAE7, STM32MP131FAF7, STM32MP131FAG7, STM32MP133AAE3, STM32MP133AAF3, STM32MP133AAG3, STM32MP133CAE3, STM32MP133CAF3, STM32MP133CAG3, STM32MP133DAE7, STM32MP133DAF7, STM32MP133DAG7, STM32MP133FAE7, STM32MP133FAF7, STM32MP133FAG7, STM32MP135AAE3, STM32MP135AAF3, STM32MP135AAG3, STM32MP135CAE3, STM32MP135CAF3, STM32MP135CAG3, STM32MP135DAE7, STM32MP135DAF7, STM32MP135DAG7, STM32MP135F-DK, STM32MP135FAE7, STM32MP135FAF7, STM32MP135FAF7T, STM32MP135FAF7U, STM32MP135FAG7, STM32U031C6T6, STM32U031C6U6, STM32U031C8T6, STM32U031C8U6, STM32U031F4P6, STM32U031F6P6, STM32U031F8P6, STM32U031G6Y6TR, STM32U031G8Y6TR, STM32U031K4U6, STM32U031K6U6, STM32U031K8U6, STM32U031R6I6, STM32U031R6T6, STM32U031R8I6, STM32U031R8T6, STM32U073C8T6, STM32U073C8U6, STM32U073CBT6, STM32U073CBU6, STM32U073CCT6, STM32U073CCU6, STM32U073H8Y6TR, STM32U073HBY6TR, STM32U073HCY6TR, STM32U073K8U6, STM32U073KBU6, STM32U073KCU6, STM32U073M8I6, STM32U073M8T6, STM32U073MBI6, STM32U073MBT6, STM32U073MCI6, STM32U073MCT6, STM32U073R8I6, STM32U073R8T6, STM32U073RBI6, STM32U073RBT6, STM32U073RCI6, STM32U073RCT6, STM32U083C-DK, STM32U083CCT6, STM32U083CCU6, STM32U083HCY6TR, STM32U083KCU6, STM32U083MCI6, STM32U083MCT6, STM32U083RCI6, STM32U083RCT6, STM32U535CBT6, STM32U535CBT6Q, STM32U535CBU6, STM32U535CBU6Q, STM32U535CCT6, STM32U535CCT6Q, STM32U535CCU6, STM32U535CCU6Q, STM32U535CET6, STM32U535CET6Q, STM32U535CEU6, STM32U535CEU6Q, STM32U535JEY6QTR, STM32U535NCY6QTR, STM32U535NEY6QTR, STM32U535RBI6, STM32U535RBI6Q, STM32U535RBT6, STM32U535RBT6Q, STM32U535RCI6, STM32U535RCI6Q, STM32U535RCT6, STM32U535RCT6Q, STM32U535REI6, STM32U535REI6Q, STM32U535RET6, STM32U535RET6Q, STM32U535VCI6, STM32U535VCI6Q, STM32U535VCT6, STM32U535VCT6Q, STM32U535VEI6, STM32U535VEI6Q, STM32U535VET6, STM32U535VET6Q, STM32U545CET6, STM32U545CET6Q, STM32U545CEU6, STM32U545CEU6Q, STM32U545JEY6QTR, STM32U545NEY6QTR, STM32U545REI6, STM32U545REI6Q, STM32U545RET6, STM32U545RET6Q, STM32U545VEI6, STM32U545VEI6Q, STM32U545VET6, STM32U545VET6Q, STM32U595AIH6, STM32U595AIH6Q, STM32U595AJH6, STM32U595AJH6Q, STM32U595QII6, STM32U595QII6Q, STM32U595QJI6, STM32U595QJI6Q, STM32U595RIT6, STM32U595RIT6Q, STM32U595RJT6, STM32U595RJT6Q, STM32U595VIT6, STM32U595VIT6Q, STM32U595VJT6, STM32U595VJT6Q, STM32U595ZIT6, STM32U595ZIT6Q, STM32U595ZIY6QTR, STM32U595ZJT6, STM32U595ZJT6Q, STM32U595ZJY6QTR, STM32U599BJY6QTR, STM32U599NIH6Q, STM32U599NJH6Q, STM32U599VIT6Q, STM32U599VJT6, STM32U599VJT6Q, STM32U599ZIT6Q, STM32U599ZIY6QTR, STM32U599ZJT6Q, STM32U599ZJY6QTR, STM32U5A5AJH6, STM32U5A5AJH6Q, STM32U5A5QII3Q , STM32U5A5QJI6, STM32U5A5QJI6Q, STM32U5A5RJT6, STM32U5A5RJT6Q, STM32U5A5VJT6, STM32U5A5VJT6Q, STM32U5A5ZJT6, STM32U5A5ZJT6Q, STM32U5A5ZJY6QTR, STM32U5A9BJY6QTR, STM32U5A9J-DK, STM32U5A9NJH6Q, STM32U5A9VJT6Q, STM32U5A9ZJT6Q, STM32U5A9ZJY6QTR, STM32U5F7VIT6, STM32U5F7VIT6Q, STM32U5F7VJT6, STM32U5F7VJT6Q, STM32U5F9BJY6QTR, STM32U5F9NJH6Q, STM32U5F9VIT6Q, STM32U5F9VJT6Q, STM32U5F9ZIJ6QTR, STM32U5F9ZIT6Q, STM32U5F9ZJJ6QTR, STM32U5F9ZJT6Q, STM32U5G7VJT6, STM32U5G7VJT6Q, STM32U5G9BJY6QTR, STM32U5G9J-DK1, STM32U5G9J-DK2, STM32U5G9NJH6Q, STM32U5G9VJT6Q, STM32U5G9ZJJ6QTR, STM32U5G9ZJT6Q, STM32WB1MMCH6, STM32WBA50KEU6, STM32WBA50KEU6TR, STM32WBA50KGU6, STM32WBA50KGU6TR, STM32WBA52CEU6, STM32WBA52CEU6TR, STM32WBA52CEU7, STM32WBA52CEU7TR, STM32WBA52CGU6, STM32WBA52CGU6TR, STM32WBA52CGU6U, STM32WBA52CGU7, STM32WBA52CGU7TR, STM32WBA52KEU6, STM32WBA52KEU6TR, STM32WBA52KGU6, STM32WBA52KGU6TR, STM32WBA54CEU6, STM32WBA54CEU6TR, STM32WBA54CEU7, STM32WBA54CEU7TR, STM32WBA54CGU6, STM32WBA54CGU6TR, STM32WBA54CGU7, STM32WBA54CGU7TR, STM32WBA54KEU6, STM32WBA54KEU6TR, STM32WBA54KEU7, STM32WBA54KEU7TR, STM32WBA54KGU6, STM32WBA54KGU6TR, STM32WBA54KGU7, STM32WBA54KGU7TR, STM32WBA55CEU6, STM32WBA55CEU6TR, STM32WBA55CEU7, STM32WBA55CEU7TR, STM32WBA55CGU6, STM32WBA55CGU6TR, STM32WBA55CGU6U, STM32WBA55CGU7, STM32WBA55CGU7TR, STM32WBA55G-DK1, STM32WBA55HEF6, STM32WBA55HEF7, STM32WBA55HGF6, STM32WBA55HGF7, STM32WBA55UEI6, STM32WBA55UEI6TR, STM32WBA55UEI7, STM32WBA55UEI7TR, STM32WBA55UGI6, STM32WBA55UGI6TR, STM32WBA55UGI7, STM32WBA55UGI7TR, STM32WL5MOCH6, STM32WL5MOCH6TR]
2024-10-18 10:25:23,707 [INFO] DbMcus:218 - Found 4204 MCUs, 4204 are supported
2024-10-18 10:25:23,707 [INFO] ApiDb:423 - Load user favorites file /home/toffanetto/.stm32cubeide/favorites.mcus.txt: 0 item(s)
2024-10-18 10:25:23,707 [INFO] ApiDb:427 - User favorites MCUs=[]
2024-10-18 10:25:23,707 [INFO] DbMcus:224 - Set 0 / 0 favorites MCUs
2024-10-18 10:25:24,068 [INFO] BoardInfo:889 - No configuration file found for board NUCLEO-WB05KZ
2024-10-18 10:25:24,068 [INFO] DbBoards:161 - Board is not supported: NUCLEO-WB05KZ
2024-10-18 10:25:24,069 [INFO] BoardInfo:889 - No configuration file found for board NUCLEO-WB07CC
2024-10-18 10:25:24,069 [INFO] DbBoards:161 - Board is not supported: NUCLEO-WB07CC
2024-10-18 10:25:24,070 [INFO] BoardInfo:889 - No configuration file found for board NUCLEO-WB09KE
2024-10-18 10:25:24,070 [INFO] DbBoards:161 - Board is not supported: NUCLEO-WB09KE
2024-10-18 10:25:24,078 [INFO] BoardInfo:889 - No configuration file found for board P-NUCLEO-WB55
2024-10-18 10:25:24,078 [INFO] DbBoards:161 - Kit is not supported: P-NUCLEO-WB55
2024-10-18 10:25:24,081 [INFO] BoardInfo:889 - No configuration file found for board STEVAL-BFA001V1B
2024-10-18 10:25:24,082 [INFO] DbBoards:161 - Kit is not supported: STEVAL-BFA001V1B
2024-10-18 10:25:24,090 [INFO] BoardInfo:889 - No configuration file found for board STEVAL-BFA001V2B
2024-10-18 10:25:24,090 [INFO] DbBoards:161 - Kit is not supported: STEVAL-BFA001V2B
2024-10-18 10:25:24,190 [INFO] BoardInfo:889 - No configuration file found for board STM32MP257F-DK
2024-10-18 10:25:24,190 [INFO] DbBoards:161 - Board is not supported: STM32MP257F-DK
2024-10-18 10:25:24,191 [INFO] BoardInfo:889 - No configuration file found for board STM32MP257F-EV1
2024-10-18 10:25:24,191 [INFO] DbBoards:161 - Board is not supported: STM32MP257F-EV1
2024-10-18 10:25:24,199 [INFO] DbBoards:168 - Found 200 boards, 192 are supported
2024-10-18 10:25:24,199 [INFO] DbBoards:169 - Found 200 boards, 8 of them is supported for  Bsp
2024-10-18 10:25:24,202 [INFO] ApiDb:423 - Load user favorites file /home/toffanetto/.stm32cubeide/favorites.boards.txt: 1 item(s)
2024-10-18 10:25:24,202 [INFO] ApiDb:427 - User favorites Boards=[NUCLEO-H753ZI]
2024-10-18 10:25:24,202 [INFO] DbBoards:198 - Set 1 / 1 favorites Boards
2024-10-18 10:25:24,248 [INFO] UtilMem:75 - End LoadConfig() Used Memory: 299654920 Bytes (517996544)
2024-10-18 10:25:24,416 [WARN] ThirdParty:833 - waiting for thirdparty lock release [change project]
2024-10-18 10:25:24,416 [INFO] ThirdParty:835 - entering critical section [change project]
2024-10-18 10:25:24,416 [INFO] ThirdParty:1030 - CMSIS Pack Vendor :STMicroelectronics USBPD 4.1
2024-10-18 10:25:24,416 [INFO] ThirdParty:1030 - CMSIS Pack Vendor :STMicroelectronics X-CUBE-AZRTOS-H7 3.3.0
2024-10-18 10:25:24,416 [INFO] ThirdParty:1030 - CMSIS Pack Vendor :STMicroelectronics X-CUBE-NFC9 1.0.0
2024-10-18 10:25:24,417 [INFO] ThirdParty:1030 - CMSIS Pack Vendor :STMicroelectronics X-CUBE-GNSS1 6.0.0
2024-10-18 10:25:24,417 [INFO] ThirdParty:1030 - CMSIS Pack Vendor :STMicroelectronics USB_HOST 2.0.0
2024-10-18 10:25:24,417 [INFO] ThirdParty:1030 - CMSIS Pack Vendor :STMicroelectronics FP-SNS-MOTENVWB1 1.4.0
2024-10-18 10:25:24,417 [INFO] ThirdParty:1030 - CMSIS Pack Vendor :STMicroelectronics X-CUBE-AZRTOS-F4 1.1.0
2024-10-18 10:25:24,417 [INFO] ThirdParty:1030 - CMSIS Pack Vendor :STMicroelectronics LIBJPEG 8.0.0
2024-10-18 10:25:24,417 [INFO] ThirdParty:1030 - CMSIS Pack Vendor :STMicroelectronics X-CUBE-SMBUS 2.1.0
2024-10-18 10:25:24,417 [INFO] ThirdParty:1030 - CMSIS Pack Vendor :STMicroelectronics X-CUBE-WB05N 1.1.0
2024-10-18 10:25:24,417 [INFO] ThirdParty:1030 - CMSIS Pack Vendor :STMicroelectronics USB_DEVICE 3.0.0
2024-10-18 10:25:24,417 [INFO] ThirdParty:1030 - CMSIS Pack Vendor :STMicroelectronics X-CUBE-TCPP 4.1.0
2024-10-18 10:25:24,417 [INFO] ThirdParty:1030 - CMSIS Pack Vendor :STMicroelectronics X-CUBE-ISPU 2.1.0
2024-10-18 10:25:24,417 [INFO] ThirdParty:1030 - CMSIS Pack Vendor :STMicroelectronics X-CUBE-FREERTOS 1.2.0
2024-10-18 10:25:24,417 [INFO] ThirdParty:1030 - CMSIS Pack Vendor :STMicroelectronics X-CUBE-IPS 3.0.0
2024-10-18 10:25:24,417 [INFO] ThirdParty:1030 - CMSIS Pack Vendor :STMicroelectronics X-CUBE-AZRTOS-WB 2.0.0
2024-10-18 10:25:24,417 [INFO] ThirdParty:1030 - CMSIS Pack Vendor :STMicroelectronics X-CUBE-GNSS1 7.0.0
2024-10-18 10:25:24,417 [INFO] ThirdParty:1030 - CMSIS Pack Vendor :STMicroelectronics X-CUBE-AZRTOS-F7 1.1.0
2024-10-18 10:25:24,417 [INFO] ThirdParty:1030 - CMSIS Pack Vendor :STMicroelectronics X-CUBE-AZRTOS-L5 2.0.0
2024-10-18 10:25:24,417 [INFO] ThirdParty:1030 - CMSIS Pack Vendor :STMicroelectronics USB_DEVICE 2.0.0
2024-10-18 10:25:24,417 [INFO] ThirdParty:1030 - CMSIS Pack Vendor :STMicroelectronics X-CUBE-NFC6 3.1.0
2024-10-18 10:25:24,417 [INFO] ThirdParty:1030 - CMSIS Pack Vendor :STMicroelectronics X-CUBE-MEMS1 11.0.0
2024-10-18 10:25:24,417 [INFO] ThirdParty:1030 - CMSIS Pack Vendor :STMicroelectronics FreeRTOS 0.0.1
2024-10-18 10:25:24,417 [INFO] ThirdParty:1030 - CMSIS Pack Vendor :STMicroelectronics X-CUBE-AZRTOS-G0 1.1.0
2024-10-18 10:25:24,417 [INFO] ThirdParty:1030 - CMSIS Pack Vendor :STMicroelectronics X-CUBE-SAFEA1 1.2.2
2024-10-18 10:25:24,417 [INFO] ThirdParty:1030 - CMSIS Pack Vendor :STMicroelectronics X-CUBE-NFC4 3.0.0
2024-10-18 10:25:24,417 [INFO] ThirdParty:1030 - CMSIS Pack Vendor :STMicroelectronics X-CUBE-SUBG2 5.0.0
2024-10-18 10:25:24,417 [INFO] ThirdParty:1030 - CMSIS Pack Vendor :STMicroelectronics STM32_WPAN 1.0.0
2024-10-18 10:25:24,417 [INFO] ThirdParty:1030 - CMSIS Pack Vendor :EmbeddedOffice I-CUBE-FS-RTOS 1.0.1
2024-10-18 10:25:24,418 [INFO] ThirdParty:1030 - CMSIS Pack Vendor :STMicroelectronics lwIP 2.0.3
2024-10-18 10:25:24,418 [INFO] ThirdParty:1030 - CMSIS Pack Vendor :STMicroelectronics FP-SNS-FLIGHT1 5.0.2
2024-10-18 10:25:24,418 [INFO] ThirdParty:1030 - CMSIS Pack Vendor :Cesanta I-CUBE-Mongoose 7.13.0
2024-10-18 10:25:24,418 [INFO] ThirdParty:1030 - CMSIS Pack Vendor :STMicroelectronics USB_HOST 1.0.0
2024-10-18 10:25:24,418 [INFO] ThirdParty:1030 - CMSIS Pack Vendor :STMicroelectronics X-CUBE-AI 9.0.0
2024-10-18 10:25:24,418 [INFO] ThirdParty:1030 - CMSIS Pack Vendor :STMicroelectronics X-CUBE-AZRTOS-G4 2.0.0
2024-10-18 10:25:24,418 [INFO] ThirdParty:1030 - CMSIS Pack Vendor :STMicroelectronics PDM2PCM 3.1.0
2024-10-18 10:25:24,418 [INFO] ThirdParty:1030 - CMSIS Pack Vendor :STMicroelectronics PDM2PCM 3.3.0
2024-10-18 10:25:24,418 [INFO] ThirdParty:1030 - CMSIS Pack Vendor :STMicroelectronics X-CUBE-DISPLAY 3.0.0
2024-10-18 10:25:24,418 [INFO] ThirdParty:1030 - CMSIS Pack Vendor :RealThread X-CUBE-RT-Thread_Nano 4.1.1
2024-10-18 10:25:24,418 [INFO] ThirdParty:1030 - CMSIS Pack Vendor :STMicroelectronics X-CUBE-BLE1 7.0.0
2024-10-18 10:25:24,419 [INFO] ThirdParty:1030 - CMSIS Pack Vendor :STMicroelectronics FP-ATR-SIGFOX1 3.2.0
2024-10-18 10:25:24,419 [INFO] ThirdParty:1030 - CMSIS Pack Vendor :STMicroelectronics X-CUBE-NFC10 1.0.0
2024-10-18 10:25:24,419 [INFO] ThirdParty:1030 - CMSIS Pack Vendor :wolfSSL I-CUBE-wolfSSL 5.7.2
2024-10-18 10:25:24,419 [INFO] ThirdParty:1030 - CMSIS Pack Vendor :STMicroelectronics X-CUBE-ISPU 2.0.0
2024-10-18 10:25:24,419 [INFO] ThirdParty:1030 - CMSIS Pack Vendor :STMicroelectronics X-CUBE-EEPRMA1 5.1.0
2024-10-18 10:25:24,419 [INFO] ThirdParty:1030 - CMSIS Pack Vendor :STMicroelectronics HAL Drivers 0.0.0
2024-10-18 10:25:24,419 [INFO] ThirdParty:1030 - CMSIS Pack Vendor :STMicroelectronics MBEDTLS 2.16.2
2024-10-18 10:25:24,419 [INFO] ThirdParty:1030 - CMSIS Pack Vendor :STMicroelectronics X-CUBE-ALS 1.0.2
2024-10-18 10:25:24,419 [INFO] ThirdParty:1030 - CMSIS Pack Vendor :emotas I-CUBE-CANOPEN 1.3.0
2024-10-18 10:25:24,419 [INFO] ThirdParty:1030 - CMSIS Pack Vendor :STMicroelectronics X-CUBE-MEMS1 10.0.0
2024-10-18 10:25:24,419 [INFO] ThirdParty:1030 - CMSIS Pack Vendor :STMicroelectronics X-CUBE-NFC7 1.0.1
2024-10-18 10:25:24,419 [INFO] ThirdParty:1030 - CMSIS Pack Vendor :STMicroelectronics MBEDTLS 2.14.1
2024-10-18 10:25:24,419 [INFO] ThirdParty:1030 - CMSIS Pack Vendor :STMicroelectronics X-CUBE-TOUCHGFX 4.24.0
2024-10-18 10:25:24,419 [INFO] ThirdParty:1030 - CMSIS Pack Vendor :ITTIA_DB I-CUBE-ITTIADB 8.9.0
2024-10-18 10:25:24,419 [INFO] ThirdParty:1030 - CMSIS Pack Vendor :wolfSSL I-CUBE-wolfTPM 3.2.0
2024-10-18 10:25:24,419 [INFO] ThirdParty:1030 - CMSIS Pack Vendor :STMicroelectronics X-CUBE-TOUCHGFX 4.24.1
2024-10-18 10:25:24,419 [INFO] ThirdParty:1030 - CMSIS Pack Vendor :portGmbH I-Cube-SoM-uGOAL 1.1.0
2024-10-18 10:25:24,420 [INFO] ThirdParty:1030 - CMSIS Pack Vendor :STMicroelectronics X-CUBE-BLEMGR 3.1.0
2024-10-18 10:25:24,420 [INFO] ThirdParty:1030 - CMSIS Pack Vendor :STMicroelectronics ThreadX 1.0.0
2024-10-18 10:25:24,420 [INFO] ThirdParty:1030 - CMSIS Pack Vendor :STMicroelectronics FP-SNS-SMARTAG2 1.2.0
2024-10-18 10:25:24,420 [INFO] ThirdParty:1030 - CMSIS Pack Vendor :STMicroelectronics X-CUBE-AZRTOS-WL 2.0.0
2024-10-18 10:25:24,420 [INFO] ThirdParty:1030 - CMSIS Pack Vendor :SEGGER I-CUBE-embOS 1.3.1
2024-10-18 10:25:24,420 [INFO] ThirdParty:1030 - CMSIS Pack Vendor :STMicroelectronics X-CUBE-ALGOBUILD 1.4.0
2024-10-18 10:25:24,420 [INFO] ThirdParty:1030 - CMSIS Pack Vendor :STMicroelectronics FP-SNS-MOTENV1 5.0.0
2024-10-18 10:25:24,420 [INFO] ThirdParty:1030 - CMSIS Pack Vendor :STMicroelectronics USB_DEVICE 1.0.0
2024-10-18 10:25:24,420 [INFO] ThirdParty:1030 - CMSIS Pack Vendor :STMicroelectronics X-CUBE-AZRTOS-H7RS 1.0.0
2024-10-18 10:25:24,420 [INFO] ThirdParty:1030 - CMSIS Pack Vendor :wolfSSL I-CUBE-wolfMQTT 1.19.0
2024-10-18 10:25:24,420 [INFO] ThirdParty:1030 - CMSIS Pack Vendor :STMicroelectronics X-CUBE-AZRTOS-L4 2.0.0
2024-10-18 10:25:24,420 [INFO] ThirdParty:1030 - CMSIS Pack Vendor :STMicroelectronics ThreadX 0.0.2
2024-10-18 10:25:24,420 [INFO] ThirdParty:1030 - CMSIS Pack Vendor :WES I-CUBE-Cesium 1.3.0
2024-10-18 10:25:24,421 [INFO] ThirdParty:1030 - CMSIS Pack Vendor :STMicroelectronics FP-ATR-ASTRA1 2.0.0
2024-10-18 10:25:24,421 [INFO] ThirdParty:1030 - CMSIS Pack Vendor :STMicroelectronics lwIP 2.1.2
2024-10-18 10:25:24,421 [INFO] ThirdParty:1030 - CMSIS Pack Vendor :STMicroelectronics X-CUBE-SFXS2LP1 4.0.0
2024-10-18 10:25:24,421 [INFO] ThirdParty:1030 - CMSIS Pack Vendor :STMicroelectronics X-CUBE-BLE2 3.3.0
2024-10-18 10:25:24,421 [INFO] ThirdParty:1030 - CMSIS Pack Vendor :STMicroelectronics X-CUBE-TOF1 3.4.2
2024-10-18 10:25:24,421 [INFO] ThirdParty:1030 - CMSIS Pack Vendor :STMicroelectronics X-CUBE-AI 9.1.0
2024-10-18 10:25:24,421 [INFO] ThirdParty:1030 - CMSIS Pack Vendor :Infineon AIROC-Wi-Fi-Bluetooth-STM32 1.6.1
2024-10-18 10:25:24,421 [INFO] ThirdParty:1030 - CMSIS Pack Vendor :STMicroelectronics PDM2PCM 3.2.0
2024-10-18 10:25:24,421 [INFO] ThirdParty:1030 - CMSIS Pack Vendor :wolfSSL I-CUBE-wolfSSH 1.4.17
2024-10-18 10:25:24,421 [INFO] ThirdParty:841 - exiting critical section [change project]
2024-10-18 10:25:25,122 [INFO] PinOutPanel:1561 - setPackage(No Configuration,No Configuration)
2024-10-18 10:25:25,123 [INFO] PinOutPanel:1561 - setPackage(STM32H753ZITx,LQFP144)
2024-10-18 10:25:26,202 [INFO] UtilMem:75 - Before build in PCC Used Memory: 269034352 Bytes (517996544)
2024-10-18 10:25:26,870 [INFO] UtilMem:75 - After build in PCC Used Memory: 419507056 Bytes (517996544)
2024-10-18 10:25:26,938 [INFO] ApiDbMcu:508 - Load IP Config File for FREERTOS
2024-10-18 10:25:26,999 [INFO] IPUIPlugin:80 - create IPUIPlugin
2024-10-18 10:25:26,999 [INFO] IPUIPlugin:80 - create IPUIPlugin
2024-10-18 10:25:26,999 [INFO] IPUIPlugin:80 - create IPUIPlugin
2024-10-18 10:25:26,999 [INFO] IPUIPlugin:80 - create IPUIPlugin
2024-10-18 10:25:26,999 [INFO] IPUIPlugin:80 - create IPUIPlugin
2024-10-18 10:25:27,000 [INFO] IPUIPlugin:80 - create IPUIPlugin
2024-10-18 10:25:27,000 [INFO] IPUIPlugin:80 - create IPUIPlugin
2024-10-18 10:25:27,000 [INFO] IPUIPlugin:80 - create IPUIPlugin
2024-10-18 10:25:27,000 [INFO] IPUIPlugin:80 - create IPUIPlugin
2024-10-18 10:25:27,000 [INFO] IPUIPlugin:80 - create IPUIPlugin
2024-10-18 10:25:27,000 [INFO] IPUIPlugin:80 - create IPUIPlugin
2024-10-18 10:25:27,001 [INFO] IPUIPlugin:80 - create IPUIPlugin
2024-10-18 10:25:27,001 [INFO] IPUIPlugin:80 - create IPUIPlugin
2024-10-18 10:25:27,001 [INFO] IPUIPlugin:80 - create IPUIPlugin
2024-10-18 10:25:27,001 [INFO] IPUIPlugin:80 - create IPUIPlugin
2024-10-18 10:25:27,001 [INFO] IPUIPlugin:80 - create IPUIPlugin
2024-10-18 10:25:27,001 [INFO] IPUIPlugin:80 - create IPUIPlugin
2024-10-18 10:25:27,001 [INFO] IPUIPlugin:80 - create IPUIPlugin
2024-10-18 10:25:27,002 [INFO] IPUIPlugin:80 - create IPUIPlugin
2024-10-18 10:25:27,002 [INFO] IPUIPlugin:80 - create IPUIPlugin
2024-10-18 10:25:27,002 [INFO] IPUIPlugin:80 - create IPUIPlugin
2024-10-18 10:25:27,003 [INFO] IPUIPlugin:80 - create IPUIPlugin
2024-10-18 10:25:27,003 [INFO] IPUIPlugin:80 - create IPUIPlugin
2024-10-18 10:25:27,003 [INFO] IPUIPlugin:80 - create IPUIPlugin
2024-10-18 10:25:27,003 [INFO] IPUIPlugin:80 - create IPUIPlugin
2024-10-18 10:25:27,004 [INFO] IPUIPlugin:80 - create IPUIPlugin
2024-10-18 10:25:27,004 [INFO] IPUIPlugin:80 - create IPUIPlugin
2024-10-18 10:25:27,004 [INFO] IPUIPlugin:80 - create IPUIPlugin
2024-10-18 10:25:27,004 [INFO] IPUIPlugin:80 - create IPUIPlugin
2024-10-18 10:25:27,004 [INFO] IPUIPlugin:80 - create IPUIPlugin
2024-10-18 10:25:27,005 [INFO] IPUIPlugin:80 - create IPUIPlugin
2024-10-18 10:25:27,005 [INFO] IPUIPlugin:80 - create IPUIPlugin
2024-10-18 10:25:27,005 [INFO] IPUIPlugin:80 - create IPUIPlugin
2024-10-18 10:25:27,005 [INFO] IPUIPlugin:80 - create IPUIPlugin
2024-10-18 10:25:27,005 [INFO] IPUIPlugin:80 - create IPUIPlugin
2024-10-18 10:25:27,006 [INFO] IPUIPlugin:80 - create IPUIPlugin
2024-10-18 10:25:27,006 [INFO] IPUIPlugin:80 - create IPUIPlugin
2024-10-18 10:25:27,007 [INFO] IPUIPlugin:80 - create IPUIPlugin
2024-10-18 10:25:27,007 [INFO] IPUIPlugin:80 - create IPUIPlugin
2024-10-18 10:25:27,008 [INFO] IPUIPlugin:80 - create IPUIPlugin
2024-10-18 10:25:27,008 [INFO] IPUIPlugin:80 - create IPUIPlugin
2024-10-18 10:25:27,009 [INFO] IPUIPlugin:80 - create IPUIPlugin
2024-10-18 10:25:27,009 [INFO] IPUIPlugin:80 - create IPUIPlugin
2024-10-18 10:25:27,010 [INFO] IPUIPlugin:80 - create IPUIPlugin
2024-10-18 10:25:27,010 [INFO] IPUIPlugin:80 - create IPUIPlugin
2024-10-18 10:25:27,010 [INFO] IPUIPlugin:80 - create IPUIPlugin
2024-10-18 10:25:27,010 [INFO] IPUIPlugin:80 - create IPUIPlugin
2024-10-18 10:25:27,011 [INFO] IPUIPlugin:80 - create IPUIPlugin
2024-10-18 10:25:27,011 [INFO] IPUIPlugin:80 - create IPUIPlugin
2024-10-18 10:25:27,011 [INFO] IPUIPlugin:80 - create IPUIPlugin
2024-10-18 10:25:27,011 [INFO] IPUIPlugin:80 - create IPUIPlugin
2024-10-18 10:25:27,011 [INFO] IPUIPlugin:80 - create IPUIPlugin
2024-10-18 10:25:27,012 [INFO] IPUIPlugin:80 - create IPUIPlugin
2024-10-18 10:25:27,012 [INFO] IPUIPlugin:80 - create IPUIPlugin
2024-10-18 10:25:27,012 [INFO] IPUIPlugin:80 - create IPUIPlugin
2024-10-18 10:25:27,013 [INFO] IPUIPlugin:80 - create IPUIPlugin
2024-10-18 10:25:27,013 [INFO] IPUIPlugin:80 - create IPUIPlugin
2024-10-18 10:25:27,013 [INFO] IPUIPlugin:80 - create IPUIPlugin
2024-10-18 10:25:27,013 [INFO] IPUIPlugin:80 - create IPUIPlugin
2024-10-18 10:25:27,014 [INFO] IPUIPlugin:80 - create IPUIPlugin
2024-10-18 10:25:27,014 [INFO] IPUIPlugin:80 - create IPUIPlugin
2024-10-18 10:25:27,014 [INFO] IPUIPlugin:80 - create IPUIPlugin
2024-10-18 10:25:27,015 [INFO] IPUIPlugin:80 - create IPUIPlugin
2024-10-18 10:25:27,015 [INFO] IPUIPlugin:80 - create IPUIPlugin
2024-10-18 10:25:27,015 [INFO] IPUIPlugin:80 - create IPUIPlugin
2024-10-18 10:25:27,016 [INFO] IPUIPlugin:80 - create IPUIPlugin
2024-10-18 10:25:27,016 [INFO] IPUIPlugin:80 - create IPUIPlugin
2024-10-18 10:25:27,016 [INFO] IPUIPlugin:80 - create IPUIPlugin
2024-10-18 10:25:27,016 [INFO] IPUIPlugin:80 - create IPUIPlugin
2024-10-18 10:25:27,017 [INFO] IPUIPlugin:80 - create IPUIPlugin
2024-10-18 10:25:27,017 [INFO] IPUIPlugin:80 - create IPUIPlugin
2024-10-18 10:25:27,017 [INFO] IPUIPlugin:80 - create IPUIPlugin
2024-10-18 10:25:27,017 [INFO] IPUIPlugin:80 - create IPUIPlugin
2024-10-18 10:25:27,018 [INFO] IPUIPlugin:80 - create IPUIPlugin
2024-10-18 10:25:27,018 [INFO] IPUIPlugin:80 - create IPUIPlugin
2024-10-18 10:25:27,018 [INFO] IPUIPlugin:80 - create IPUIPlugin
2024-10-18 10:25:27,018 [INFO] IPUIPlugin:80 - create IPUIPlugin
2024-10-18 10:25:27,018 [INFO] IPUIPlugin:80 - create IPUIPlugin
2024-10-18 10:25:27,018 [INFO] IPUIPlugin:80 - create IPUIPlugin
2024-10-18 10:25:27,018 [INFO] IPUIPlugin:80 - create IPUIPlugin
2024-10-18 10:25:27,019 [INFO] IPUIPlugin:80 - create IPUIPlugin
2024-10-18 10:25:27,019 [INFO] IPUIPlugin:80 - create IPUIPlugin
2024-10-18 10:25:27,019 [INFO] IPUIPlugin:80 - create IPUIPlugin
2024-10-18 10:25:27,019 [INFO] IPUIPlugin:80 - create IPUIPlugin
2024-10-18 10:25:27,020 [INFO] IPUIPlugin:80 - create IPUIPlugin
2024-10-18 10:25:27,020 [INFO] IPUIPlugin:80 - create IPUIPlugin
2024-10-18 10:25:27,020 [INFO] IPUIPlugin:80 - create IPUIPlugin
2024-10-18 10:25:27,021 [INFO] IPUIPlugin:80 - create IPUIPlugin
2024-10-18 10:25:27,021 [INFO] IPUIPlugin:80 - create IPUIPlugin
2024-10-18 10:25:27,021 [INFO] IPUIPlugin:80 - create IPUIPlugin
2024-10-18 10:25:27,022 [INFO] IPUIPlugin:80 - create IPUIPlugin
2024-10-18 10:25:27,022 [INFO] IPUIPlugin:80 - create IPUIPlugin
2024-10-18 10:25:27,022 [INFO] IPUIPlugin:80 - create IPUIPlugin
2024-10-18 10:25:27,023 [INFO] IPUIPlugin:80 - create IPUIPlugin
2024-10-18 10:25:27,023 [INFO] IPUIPlugin:80 - create IPUIPlugin
2024-10-18 10:25:27,024 [INFO] IPUIPlugin:80 - create IPUIPlugin
2024-10-18 10:25:27,025 [INFO] IPUIPlugin:80 - create IPUIPlugin
2024-10-18 10:25:27,025 [INFO] IPUIPlugin:80 - create IPUIPlugin
2024-10-18 10:25:27,026 [INFO] IPUIPlugin:80 - create IPUIPlugin
2024-10-18 10:25:27,033 [INFO] ApiDbMcu:508 - Load IP Config File for PDM2PCM
2024-10-18 10:25:27,078 [WARN] FreeRTOS:1023 - Null or empty value: should not occur! (nothing added to the table)
2024-10-18 10:25:27,274 [INFO] CADModel:165 - CPN selected for project levelSTM32H753ZIT6
2024-10-18 10:25:27,274 [INFO] CADModel:114 - Register for checkConnection events
2024-10-18 10:25:27,278 [INFO] RtosManager:697 - Active RTOS found at IOC load: FREERTOS [Cortex-M7NS]
2024-10-18 10:25:27,320 [INFO] OpenFileManager:343 - Restore cursor
2024-10-18 10:27:02,311 [INFO] UtilMem:75 - End SaveConfig() Used Memory: 729096032 Bytes (1073741824)
2024-10-18 10:27:03,155 [INFO] UtilMem:75 - End SaveConfig() Used Memory: 788745504 Bytes (1073741824)
2024-10-18 10:27:03,819 [INFO] BlockDiagram:2759 - set Specific Code input for plugin: FREERTOS
2024-10-18 10:27:03,819 [INFO] BlockDiagram:2759 - set Specific Code input for plugin: RCC
2024-10-18 10:27:03,819 [INFO] BlockDiagram:2759 - set Specific Code input for plugin: USART
2024-10-18 10:27:03,819 [INFO] BlockDiagram:2759 - set Specific Code input for plugin: SYS
2024-10-18 10:27:03,819 [INFO] BlockDiagram:2759 - set Specific Code input for plugin: NVIC
2024-10-18 10:27:03,819 [INFO] BlockDiagram:2759 - set Specific Code input for plugin: DMA
2024-10-18 10:27:03,821 [INFO] BlockDiagram:2759 - set Specific Code input for plugin: GPIO
2024-10-18 10:27:03,821 [INFO] CodeGenerator:807 - code generatio: config db path: /opt/st/stm32cubeide_1.15.1/plugins/com.st.stm32cube.common.mx_6.11.1.202404110753//db/
2024-10-18 10:27:04,138 [INFO] CodeEngine:255 - oldGeneratedFile, /home/toffanetto/unicamp/im420x/project/ws/nucleo-H753ZI_TemplateAutoware_Serial/MXTmpFiles/license.tmp_save
2024-10-18 10:27:04,485 [INFO] CodeEngine:279 - Generated code: /home/toffanetto/unicamp/im420x/project/ws/nucleo-H753ZI_TemplateAutoware_Serial/MXTmpFiles/license.tmp
2024-10-18 10:27:04,599 [INFO] CodeEngine:255 - oldGeneratedFile, /home/toffanetto/unicamp/im420x/project/ws/nucleo-H753ZI_TemplateAutoware_Serial/Core/Src/gpio.c_save
2024-10-18 10:27:04,701 [INFO] CodeEngine:279 - Generated code: /home/toffanetto/unicamp/im420x/project/ws/nucleo-H753ZI_TemplateAutoware_Serial/Core/Src/gpio.c
2024-10-18 10:27:04,703 [INFO] CodeEngine:255 - oldGeneratedFile, /home/toffanetto/unicamp/im420x/project/ws/nucleo-H753ZI_TemplateAutoware_Serial/Core/Inc/gpio.h_save
2024-10-18 10:27:04,794 [INFO] CodeEngine:279 - Generated code: /home/toffanetto/unicamp/im420x/project/ws/nucleo-H753ZI_TemplateAutoware_Serial/Core/Inc/gpio.h
2024-10-18 10:27:05,279 [INFO] Middleware:1439 - No code input for Bsp Dependency
2024-10-18 10:27:05,285 [INFO] CodeEngine:255 - oldGeneratedFile, /home/toffanetto/unicamp/im420x/project/ws/nucleo-H753ZI_TemplateAutoware_Serial/MXTmpFiles/rtos_inc.tmp_save
2024-10-18 10:27:05,374 [INFO] CodeEngine:279 - Generated code: /home/toffanetto/unicamp/im420x/project/ws/nucleo-H753ZI_TemplateAutoware_Serial/MXTmpFiles/rtos_inc.tmp
2024-10-18 10:27:05,375 [INFO] CodeEngine:255 - oldGeneratedFile, /home/toffanetto/unicamp/im420x/project/ws/nucleo-H753ZI_TemplateAutoware_Serial/MXTmpFiles/rtos_kernelInit.tmp_save
2024-10-18 10:27:05,466 [INFO] CodeEngine:279 - Generated code: /home/toffanetto/unicamp/im420x/project/ws/nucleo-H753ZI_TemplateAutoware_Serial/MXTmpFiles/rtos_kernelInit.tmp
2024-10-18 10:27:05,468 [INFO] CodeEngine:255 - oldGeneratedFile, /home/toffanetto/unicamp/im420x/project/ws/nucleo-H753ZI_TemplateAutoware_Serial/MXTmpFiles/rtos_kernelStart.tmp_save
2024-10-18 10:27:05,574 [INFO] CodeEngine:279 - Generated code: /home/toffanetto/unicamp/im420x/project/ws/nucleo-H753ZI_TemplateAutoware_Serial/MXTmpFiles/rtos_kernelStart.tmp
2024-10-18 10:27:05,575 [INFO] CodeEngine:255 - oldGeneratedFile, /home/toffanetto/unicamp/im420x/project/ws/nucleo-H753ZI_TemplateAutoware_Serial/MXTmpFiles/rtos_typedefs.tmp_save
2024-10-18 10:27:05,676 [INFO] CodeEngine:279 - Generated code: /home/toffanetto/unicamp/im420x/project/ws/nucleo-H753ZI_TemplateAutoware_Serial/MXTmpFiles/rtos_typedefs.tmp
2024-10-18 10:27:05,677 [INFO] CodeEngine:255 - oldGeneratedFile, /home/toffanetto/unicamp/im420x/project/ws/nucleo-H753ZI_TemplateAutoware_Serial/MXTmpFiles/rtos_vars.tmp_save
2024-10-18 10:27:05,781 [INFO] CodeEngine:279 - Generated code: /home/toffanetto/unicamp/im420x/project/ws/nucleo-H753ZI_TemplateAutoware_Serial/MXTmpFiles/rtos_vars.tmp
2024-10-18 10:27:05,783 [INFO] CodeEngine:255 - oldGeneratedFile, /home/toffanetto/unicamp/im420x/project/ws/nucleo-H753ZI_TemplateAutoware_Serial/MXTmpFiles/rtos_pfp.tmp_save
2024-10-18 10:27:05,873 [INFO] CodeEngine:279 - Generated code: /home/toffanetto/unicamp/im420x/project/ws/nucleo-H753ZI_TemplateAutoware_Serial/MXTmpFiles/rtos_pfp.tmp
2024-10-18 10:27:05,875 [INFO] CodeEngine:255 - oldGeneratedFile, /home/toffanetto/unicamp/im420x/project/ws/nucleo-H753ZI_TemplateAutoware_Serial/MXTmpFiles/rtos_obj_creat.tmp_save
2024-10-18 10:27:05,947 [INFO] CodeEngine:279 - Generated code: /home/toffanetto/unicamp/im420x/project/ws/nucleo-H753ZI_TemplateAutoware_Serial/MXTmpFiles/rtos_obj_creat.tmp
2024-10-18 10:27:05,948 [INFO] CodeEngine:255 - oldGeneratedFile, /home/toffanetto/unicamp/im420x/project/ws/nucleo-H753ZI_TemplateAutoware_Serial/MXTmpFiles/rtos_default_thread.tmp_save
2024-10-18 10:27:06,007 [INFO] CodeEngine:279 - Generated code: /home/toffanetto/unicamp/im420x/project/ws/nucleo-H753ZI_TemplateAutoware_Serial/MXTmpFiles/rtos_default_thread.tmp
2024-10-18 10:27:06,009 [INFO] CodeEngine:255 - oldGeneratedFile, /home/toffanetto/unicamp/im420x/project/ws/nucleo-H753ZI_TemplateAutoware_Serial/MXTmpFiles/rtos_threads.tmp_save
2024-10-18 10:27:06,067 [INFO] CodeEngine:279 - Generated code: /home/toffanetto/unicamp/im420x/project/ws/nucleo-H753ZI_TemplateAutoware_Serial/MXTmpFiles/rtos_threads.tmp
2024-10-18 10:27:06,073 [INFO] Middleware:1439 - No code input for Bsp Dependency
2024-10-18 10:27:06,076 [INFO] CodeEngine:255 - oldGeneratedFile, /home/toffanetto/unicamp/im420x/project/ws/nucleo-H753ZI_TemplateAutoware_Serial/MXTmpFiles/rtos_inc.tmp_save
2024-10-18 10:27:06,134 [INFO] CodeEngine:279 - Generated code: /home/toffanetto/unicamp/im420x/project/ws/nucleo-H753ZI_TemplateAutoware_Serial/MXTmpFiles/rtos_inc.tmp
2024-10-18 10:27:06,136 [INFO] CodeEngine:255 - oldGeneratedFile, /home/toffanetto/unicamp/im420x/project/ws/nucleo-H753ZI_TemplateAutoware_Serial/MXTmpFiles/rtos_kernelInit.tmp_save
2024-10-18 10:27:06,193 [INFO] CodeEngine:279 - Generated code: /home/toffanetto/unicamp/im420x/project/ws/nucleo-H753ZI_TemplateAutoware_Serial/MXTmpFiles/rtos_kernelInit.tmp
2024-10-18 10:27:06,195 [INFO] CodeEngine:255 - oldGeneratedFile, /home/toffanetto/unicamp/im420x/project/ws/nucleo-H753ZI_TemplateAutoware_Serial/MXTmpFiles/rtos_kernelStart.tmp_save
2024-10-18 10:27:06,249 [INFO] CodeEngine:279 - Generated code: /home/toffanetto/unicamp/im420x/project/ws/nucleo-H753ZI_TemplateAutoware_Serial/MXTmpFiles/rtos_kernelStart.tmp
2024-10-18 10:27:06,250 [INFO] CodeEngine:255 - oldGeneratedFile, /home/toffanetto/unicamp/im420x/project/ws/nucleo-H753ZI_TemplateAutoware_Serial/MXTmpFiles/rtos_typedefs.tmp_save
2024-10-18 10:27:06,304 [INFO] CodeEngine:279 - Generated code: /home/toffanetto/unicamp/im420x/project/ws/nucleo-H753ZI_TemplateAutoware_Serial/MXTmpFiles/rtos_typedefs.tmp
2024-10-18 10:27:06,305 [INFO] CodeEngine:255 - oldGeneratedFile, /home/toffanetto/unicamp/im420x/project/ws/nucleo-H753ZI_TemplateAutoware_Serial/MXTmpFiles/rtos_vars.tmp_save
2024-10-18 10:27:06,367 [INFO] CodeEngine:279 - Generated code: /home/toffanetto/unicamp/im420x/project/ws/nucleo-H753ZI_TemplateAutoware_Serial/MXTmpFiles/rtos_vars.tmp
2024-10-18 10:27:06,368 [INFO] CodeEngine:255 - oldGeneratedFile, /home/toffanetto/unicamp/im420x/project/ws/nucleo-H753ZI_TemplateAutoware_Serial/MXTmpFiles/rtos_pfp.tmp_save
2024-10-18 10:27:06,419 [INFO] CodeEngine:279 - Generated code: /home/toffanetto/unicamp/im420x/project/ws/nucleo-H753ZI_TemplateAutoware_Serial/MXTmpFiles/rtos_pfp.tmp
2024-10-18 10:27:06,420 [INFO] CodeEngine:255 - oldGeneratedFile, /home/toffanetto/unicamp/im420x/project/ws/nucleo-H753ZI_TemplateAutoware_Serial/MXTmpFiles/rtos_obj_creat.tmp_save
2024-10-18 10:27:06,475 [INFO] CodeEngine:279 - Generated code: /home/toffanetto/unicamp/im420x/project/ws/nucleo-H753ZI_TemplateAutoware_Serial/MXTmpFiles/rtos_obj_creat.tmp
2024-10-18 10:27:06,476 [INFO] CodeEngine:255 - oldGeneratedFile, /home/toffanetto/unicamp/im420x/project/ws/nucleo-H753ZI_TemplateAutoware_Serial/MXTmpFiles/rtos_default_thread.tmp_save
2024-10-18 10:27:06,529 [INFO] CodeEngine:279 - Generated code: /home/toffanetto/unicamp/im420x/project/ws/nucleo-H753ZI_TemplateAutoware_Serial/MXTmpFiles/rtos_default_thread.tmp
2024-10-18 10:27:06,530 [INFO] CodeEngine:255 - oldGeneratedFile, /home/toffanetto/unicamp/im420x/project/ws/nucleo-H753ZI_TemplateAutoware_Serial/MXTmpFiles/rtos_threads.tmp_save
2024-10-18 10:27:06,583 [INFO] CodeEngine:279 - Generated code: /home/toffanetto/unicamp/im420x/project/ws/nucleo-H753ZI_TemplateAutoware_Serial/MXTmpFiles/rtos_threads.tmp
2024-10-18 10:27:06,585 [INFO] CodeEngine:255 - oldGeneratedFile, /home/toffanetto/unicamp/im420x/project/ws/nucleo-H753ZI_TemplateAutoware_Serial/Core/Inc/FreeRTOSConfig.h_save
2024-10-18 10:27:06,661 [INFO] CodeEngine:279 - Generated code: /home/toffanetto/unicamp/im420x/project/ws/nucleo-H753ZI_TemplateAutoware_Serial/Core/Inc/FreeRTOSConfig.h
2024-10-18 10:27:06,664 [INFO] CodeEngine:255 - oldGeneratedFile, /home/toffanetto/unicamp/im420x/project/ws/nucleo-H753ZI_TemplateAutoware_Serial/Core/Src/freertos.c_save
2024-10-18 10:27:06,741 [INFO] CodeEngine:279 - Generated code: /home/toffanetto/unicamp/im420x/project/ws/nucleo-H753ZI_TemplateAutoware_Serial/Core/Src/freertos.c
2024-10-18 10:27:06,745 [INFO] CodeEngine:255 - oldGeneratedFile, /home/toffanetto/unicamp/im420x/project/ws/nucleo-H753ZI_TemplateAutoware_Serial/MXTmpFiles/cortex.tmp_save
2024-10-18 10:27:06,804 [INFO] CodeEngine:279 - Generated code: /home/toffanetto/unicamp/im420x/project/ws/nucleo-H753ZI_TemplateAutoware_Serial/MXTmpFiles/cortex.tmp
2024-10-18 10:27:06,872 [INFO] CodeEngine:255 - oldGeneratedFile, /home/toffanetto/unicamp/im420x/project/ws/nucleo-H753ZI_TemplateAutoware_Serial/Core/Src/dma.c_save
2024-10-18 10:27:06,932 [INFO] CodeEngine:279 - Generated code: /home/toffanetto/unicamp/im420x/project/ws/nucleo-H753ZI_TemplateAutoware_Serial/Core/Src/dma.c
2024-10-18 10:27:06,933 [INFO] CodeEngine:255 - oldGeneratedFile, /home/toffanetto/unicamp/im420x/project/ws/nucleo-H753ZI_TemplateAutoware_Serial/Core/Inc/dma.h_save
2024-10-18 10:27:06,985 [INFO] CodeEngine:279 - Generated code: /home/toffanetto/unicamp/im420x/project/ws/nucleo-H753ZI_TemplateAutoware_Serial/Core/Inc/dma.h
2024-10-18 10:27:06,990 [INFO] CodeEngine:255 - oldGeneratedFile, /home/toffanetto/unicamp/im420x/project/ws/nucleo-H753ZI_TemplateAutoware_Serial/Core/Src/usart.c_save
2024-10-18 10:27:07,133 [INFO] CodeEngine:279 - Generated code: /home/toffanetto/unicamp/im420x/project/ws/nucleo-H753ZI_TemplateAutoware_Serial/Core/Src/usart.c
2024-10-18 10:27:07,136 [INFO] CodeEngine:255 - oldGeneratedFile, /home/toffanetto/unicamp/im420x/project/ws/nucleo-H753ZI_TemplateAutoware_Serial/Core/Inc/usart.h_save
2024-10-18 10:27:07,193 [INFO] CodeEngine:279 - Generated code: /home/toffanetto/unicamp/im420x/project/ws/nucleo-H753ZI_TemplateAutoware_Serial/Core/Inc/usart.h
2024-10-18 10:27:07,206 [INFO] CodeEngine:255 - oldGeneratedFile, /home/toffanetto/unicamp/im420x/project/ws/nucleo-H753ZI_TemplateAutoware_Serial/Core/Src/stm32h7xx_it.c_save
2024-10-18 10:27:07,323 [INFO] CodeEngine:279 - Generated code: /home/toffanetto/unicamp/im420x/project/ws/nucleo-H753ZI_TemplateAutoware_Serial/Core/Src/stm32h7xx_it.c
2024-10-18 10:27:07,325 [INFO] CodeEngine:255 - oldGeneratedFile, /home/toffanetto/unicamp/im420x/project/ws/nucleo-H753ZI_TemplateAutoware_Serial/Core/Inc/stm32h7xx_it.h_save
2024-10-18 10:27:07,384 [INFO] CodeEngine:279 - Generated code: /home/toffanetto/unicamp/im420x/project/ws/nucleo-H753ZI_TemplateAutoware_Serial/Core/Inc/stm32h7xx_it.h
2024-10-18 10:27:07,544 [INFO] CodeEngine:255 - oldGeneratedFile, /home/toffanetto/unicamp/im420x/project/ws/nucleo-H753ZI_TemplateAutoware_Serial/Core/Src/stm32h7xx_hal_msp.c_save
2024-10-18 10:27:07,625 [INFO] CodeEngine:279 - Generated code: /home/toffanetto/unicamp/im420x/project/ws/nucleo-H753ZI_TemplateAutoware_Serial/Core/Src/stm32h7xx_hal_msp.c
2024-10-18 10:27:07,627 [INFO] CodeEngine:255 - oldGeneratedFile, /home/toffanetto/unicamp/im420x/project/ws/nucleo-H753ZI_TemplateAutoware_Serial/MXTmpFiles/system.tmp_save
2024-10-18 10:27:07,678 [INFO] CodeEngine:279 - Generated code: /home/toffanetto/unicamp/im420x/project/ws/nucleo-H753ZI_TemplateAutoware_Serial/MXTmpFiles/system.tmp
2024-10-18 10:27:07,679 [INFO] CodeEngine:255 - oldGeneratedFile, /home/toffanetto/unicamp/im420x/project/ws/nucleo-H753ZI_TemplateAutoware_Serial/Core/Src/stm32h7xx_hal_timebase_tim.c_save
2024-10-18 10:27:07,761 [INFO] CodeEngine:279 - Generated code: /home/toffanetto/unicamp/im420x/project/ws/nucleo-H753ZI_TemplateAutoware_Serial/Core/Src/stm32h7xx_hal_timebase_tim.c
2024-10-18 10:27:07,766 [INFO] CodeEngine:311 - oldGeneratedFile, /home/toffanetto/unicamp/im420x/project/ws/nucleo-H753ZI_TemplateAutoware_Serial/Core/Inc/stm32h7xx_hal_conf.h_save
2024-10-18 10:27:07,827 [INFO] CodeEngine:335 - Generated code: /home/toffanetto/unicamp/im420x/project/ws/nucleo-H753ZI_TemplateAutoware_Serial/Core/Inc/stm32h7xx_hal_conf.h
2024-10-18 10:27:07,909 [INFO] CodeEngine:255 - oldGeneratedFile, /home/toffanetto/unicamp/im420x/project/ws/nucleo-H753ZI_TemplateAutoware_Serial/Core/Inc/main.h_save
2024-10-18 10:27:07,987 [INFO] CodeEngine:279 - Generated code: /home/toffanetto/unicamp/im420x/project/ws/nucleo-H753ZI_TemplateAutoware_Serial/Core/Inc/main.h
2024-10-18 10:27:07,990 [INFO] CodeEngine:255 - oldGeneratedFile, /home/toffanetto/unicamp/im420x/project/ws/nucleo-H753ZI_TemplateAutoware_Serial/Core/Src/main.c_save
2024-10-18 10:27:08,100 [INFO] CodeEngine:279 - Generated code: /home/toffanetto/unicamp/im420x/project/ws/nucleo-H753ZI_TemplateAutoware_Serial/Core/Src/main.c
2024-10-18 10:27:08,503 [INFO] ProjectBuilder:3163 - Time for Copy HAL[1] : 117mS.
2024-10-18 10:27:08,508 [INFO] ProjectBuilder:4736 - Project Generator version: 4.3.0-B58
2024-10-18 10:27:08,601 [INFO] ConfigFileManager:1503 - The Die is : DIE450
2024-10-18 10:27:08,605 [INFO] ApiDbMcu:508 - Load IP Config File for FATFS
2024-10-18 10:27:08,607 [INFO] ApiDbMcu:508 - Load IP Config File for LIBJPEG
2024-10-18 10:27:08,613 [INFO] ApiDbMcu:508 - Load IP Config File for LWIP
2024-10-18 10:27:08,619 [INFO] ApiDbMcu:508 - Load IP Config File for MBEDTLS
2024-10-18 10:27:08,630 [INFO] ApiDbMcu:508 - Load IP Config File for USB_DEVICE
2024-10-18 10:27:08,635 [INFO] ApiDbMcu:508 - Load IP Config File for USB_HOST
2024-10-18 10:27:08,963 [INFO] LogOutputStream:77 - [STDOUT_REDIRECT] 
2024-10-18 10:27:09,759 [INFO] ProjectBuilder:5002 - Time for Generating toolchain IDE Files: 1251mS.
2024-10-18 10:27:09,759 [INFO] ProjectBuilder:3034 - Time for Copy CMSIS : 0mS.
2024-10-18 10:27:09,761 [INFO] ProjectBuilder:3034 - Time for Copy CMSIS : 0mS.
2024-10-18 10:31:16,895 [ERROR] LogOutputStream:75 - [STDERR_REDIRECT] 
