[0.152s] DEBUG:colcon:Command line arguments: ['/usr/bin/colcon', 'build']
[0.152s] DEBUG:colcon:Parsed command line arguments: Namespace(log_base=None, log_level=None, verb_name='build', build_base='build', install_base='install', merge_install=False, symlink_install=False, test_result_base=None, continue_on_error=False, executor='parallel', parallel_workers=48, event_handlers=None, ignore_user_meta=False, metas=['./colcon.meta'], base_paths=['.'], packages_ignore=None, packages_ignore_regex=None, paths=None, packages_up_to=None, packages_up_to_regex=None, packages_above=None, packages_above_and_dependencies=None, packages_above_depth=None, packages_select_by_dep=None, packages_skip_by_dep=None, packages_skip_up_to=None, packages_select_build_failed=False, packages_skip_build_finished=False, packages_select_test_failures=False, packages_skip_test_passed=False, packages_select=None, packages_skip=None, packages_select_regex=None, packages_skip_regex=None, packages_start=None, packages_end=None, allow_overriding=[], cmake_args=None, cmake_target=None, cmake_target_skip_unavailable=False, cmake_clean_cache=False, cmake_clean_first=False, cmake_force_configure=False, ament_cmake_args=None, catkin_cmake_args=None, catkin_skip_building_tests=False, mixin_files=None, mixin=None, verb_parser=<colcon_mixin.mixin.mixin_argument.MixinArgumentDecorator object at 0x7dcce78aa590>, verb_extension=<colcon_core.verb.build.BuildVerb object at 0x7dcce78aa020>, main=<bound method BuildVerb.main of <colcon_core.verb.build.BuildVerb object at 0x7dcce78aa020>>, mixin_verb=('build',))
[0.203s] Level 1:colcon.colcon_core.package_discovery:discover_packages(colcon_meta) check parameters
[0.203s] Level 1:colcon.colcon_core.package_discovery:discover_packages(recursive) check parameters
[0.204s] Level 1:colcon.colcon_core.package_discovery:discover_packages(ignore) check parameters
[0.204s] Level 1:colcon.colcon_core.package_discovery:discover_packages(path) check parameters
[0.204s] Level 1:colcon.colcon_core.package_discovery:discover_packages(colcon_meta) discover
[0.204s] Level 1:colcon.colcon_core.package_discovery:discover_packages(recursive) discover
[0.204s] INFO:colcon.colcon_core.package_discovery:Crawling recursively for packages in '/home/toffanetto/subjects/im420x/micro-ros'
[0.204s] Level 1:colcon.colcon_core.package_identification:_identify(.) by extensions ['ignore', 'ignore_ament_install']
[0.204s] Level 1:colcon.colcon_core.package_identification:_identify(.) by extension 'ignore'
[0.204s] Level 1:colcon.colcon_core.package_identification:_identify(.) by extension 'ignore_ament_install'
[0.204s] Level 1:colcon.colcon_core.package_identification:_identify(.) by extensions ['colcon_pkg']
[0.204s] Level 1:colcon.colcon_core.package_identification:_identify(.) by extension 'colcon_pkg'
[0.204s] Level 1:colcon.colcon_core.package_identification:_identify(.) by extensions ['colcon_meta']
[0.204s] Level 1:colcon.colcon_core.package_identification:_identify(.) by extension 'colcon_meta'
[0.204s] Level 1:colcon.colcon_core.package_identification:_identify(.) by extensions ['ros']
[0.204s] Level 1:colcon.colcon_core.package_identification:_identify(.) by extension 'ros'
[0.224s] Level 1:colcon.colcon_core.package_identification:_identify(.) by extensions ['cmake', 'python']
[0.224s] Level 1:colcon.colcon_core.package_identification:_identify(.) by extension 'cmake'
[0.224s] Level 1:colcon.colcon_core.package_identification:_identify(.) by extension 'python'
[0.224s] Level 1:colcon.colcon_core.package_identification:_identify(.) by extensions ['python_setup_py']
[0.224s] Level 1:colcon.colcon_core.package_identification:_identify(.) by extension 'python_setup_py'
[0.224s] Level 1:colcon.colcon_core.package_identification:_identify(build) by extensions ['ignore', 'ignore_ament_install']
[0.224s] Level 1:colcon.colcon_core.package_identification:_identify(build) by extension 'ignore'
[0.224s] Level 1:colcon.colcon_core.package_identification:_identify(build) ignored
[0.224s] Level 1:colcon.colcon_core.package_identification:_identify(command_stm32_leds) by extensions ['ignore', 'ignore_ament_install']
[0.224s] Level 1:colcon.colcon_core.package_identification:_identify(command_stm32_leds) by extension 'ignore'
[0.225s] Level 1:colcon.colcon_core.package_identification:_identify(command_stm32_leds) by extension 'ignore_ament_install'
[0.225s] Level 1:colcon.colcon_core.package_identification:_identify(command_stm32_leds) by extensions ['colcon_pkg']
[0.225s] Level 1:colcon.colcon_core.package_identification:_identify(command_stm32_leds) by extension 'colcon_pkg'
[0.225s] Level 1:colcon.colcon_core.package_identification:_identify(command_stm32_leds) by extensions ['colcon_meta']
[0.225s] Level 1:colcon.colcon_core.package_identification:_identify(command_stm32_leds) by extension 'colcon_meta'
[0.225s] Level 1:colcon.colcon_core.package_identification:_identify(command_stm32_leds) by extensions ['ros']
[0.225s] Level 1:colcon.colcon_core.package_identification:_identify(command_stm32_leds) by extension 'ros'
[0.228s] DEBUG:colcon.colcon_core.package_identification:Package 'command_stm32_leds' with type 'ros.ament_cmake' and name 'command_stm32_leds'
[0.228s] Level 1:colcon.colcon_core.package_identification:_identify(install) by extensions ['ignore', 'ignore_ament_install']
[0.228s] Level 1:colcon.colcon_core.package_identification:_identify(install) by extension 'ignore'
[0.228s] Level 1:colcon.colcon_core.package_identification:_identify(install) ignored
[0.228s] Level 1:colcon.colcon_core.package_identification:_identify(log) by extensions ['ignore', 'ignore_ament_install']
[0.228s] Level 1:colcon.colcon_core.package_identification:_identify(log) by extension 'ignore'
[0.228s] Level 1:colcon.colcon_core.package_identification:_identify(log) ignored
[0.228s] Level 1:colcon.colcon_core.package_discovery:discover_packages(recursive) using defaults
[0.228s] Level 1:colcon.colcon_core.package_discovery:discover_packages(ignore) discover
[0.228s] Level 1:colcon.colcon_core.package_discovery:discover_packages(ignore) using defaults
[0.228s] Level 1:colcon.colcon_core.package_discovery:discover_packages(path) discover
[0.228s] Level 1:colcon.colcon_core.package_discovery:discover_packages(path) using defaults
[0.254s] Level 1:colcon.colcon_core.package_discovery:discover_packages(prefix_path) check parameters
[0.255s] Level 1:colcon.colcon_core.package_discovery:discover_packages(prefix_path) discover
[0.258s] DEBUG:colcon.colcon_installed_package_information.package_discovery:Found 353 installed packages in /opt/ros/humble
[0.260s] Level 1:colcon.colcon_core.package_discovery:discover_packages(prefix_path) using defaults
[0.317s] Level 5:colcon.colcon_core.verb:set package 'command_stm32_leds' build argument 'cmake_args' from command line to 'None'
[0.317s] Level 5:colcon.colcon_core.verb:set package 'command_stm32_leds' build argument 'cmake_target' from command line to 'None'
[0.317s] Level 5:colcon.colcon_core.verb:set package 'command_stm32_leds' build argument 'cmake_target_skip_unavailable' from command line to 'False'
[0.317s] Level 5:colcon.colcon_core.verb:set package 'command_stm32_leds' build argument 'cmake_clean_cache' from command line to 'False'
[0.317s] Level 5:colcon.colcon_core.verb:set package 'command_stm32_leds' build argument 'cmake_clean_first' from command line to 'False'
[0.317s] Level 5:colcon.colcon_core.verb:set package 'command_stm32_leds' build argument 'cmake_force_configure' from command line to 'False'
[0.317s] Level 5:colcon.colcon_core.verb:set package 'command_stm32_leds' build argument 'ament_cmake_args' from command line to 'None'
[0.317s] Level 5:colcon.colcon_core.verb:set package 'command_stm32_leds' build argument 'catkin_cmake_args' from command line to 'None'
[0.317s] Level 5:colcon.colcon_core.verb:set package 'command_stm32_leds' build argument 'catkin_skip_building_tests' from command line to 'False'
[0.317s] DEBUG:colcon.colcon_core.verb:Building package 'command_stm32_leds' with the following arguments: {'ament_cmake_args': None, 'build_base': '/home/toffanetto/subjects/im420x/micro-ros/build/command_stm32_leds', 'catkin_cmake_args': None, 'catkin_skip_building_tests': False, 'cmake_args': None, 'cmake_clean_cache': False, 'cmake_clean_first': False, 'cmake_force_configure': False, 'cmake_target': None, 'cmake_target_skip_unavailable': False, 'install_base': '/home/toffanetto/subjects/im420x/micro-ros/install/command_stm32_leds', 'merge_install': False, 'path': '/home/toffanetto/subjects/im420x/micro-ros/command_stm32_leds', 'symlink_install': False, 'test_result_base': None}
[0.317s] INFO:colcon.colcon_core.executor:Executing jobs using 'parallel' executor
[0.319s] DEBUG:colcon.colcon_parallel_executor.executor.parallel:run_until_complete
[0.319s] INFO:colcon.colcon_ros.task.ament_cmake.build:Building ROS package in '/home/toffanetto/subjects/im420x/micro-ros/command_stm32_leds' with build type 'ament_cmake'
[0.319s] INFO:colcon.colcon_cmake.task.cmake.build:Building CMake package in '/home/toffanetto/subjects/im420x/micro-ros/command_stm32_leds'
[0.323s] INFO:colcon.colcon_core.plugin_system:Skipping extension 'colcon_core.shell.bat': Not used on non-Windows systems
[0.323s] INFO:colcon.colcon_core.shell:Skip shell extension 'powershell' for command environment: Not usable outside of PowerShell
[0.323s] DEBUG:colcon.colcon_core.shell:Skip shell extension 'dsv' for command environment
[0.342s] DEBUG:colcon.colcon_core.event_handler.log_command:Invoking command in '/home/toffanetto/subjects/im420x/micro-ros/build/command_stm32_leds': CMAKE_PREFIX_PATH=/opt/ros/humble /usr/bin/cmake --build /home/toffanetto/subjects/im420x/micro-ros/build/command_stm32_leds -- -j48 -l48
[4.053s] DEBUG:colcon.colcon_core.event_handler.log_command:Invoked command in '/home/toffanetto/subjects/im420x/micro-ros/build/command_stm32_leds' returned '2': CMAKE_PREFIX_PATH=/opt/ros/humble /usr/bin/cmake --build /home/toffanetto/subjects/im420x/micro-ros/build/command_stm32_leds -- -j48 -l48
[4.118s] Level 1:colcon.colcon_core.environment:create_environment_scripts_only(command_stm32_leds)
[4.123s] Level 1:colcon.colcon_core.environment:checking '/home/toffanetto/subjects/im420x/micro-ros/install/command_stm32_leds' for CMake module files
[4.124s] Level 1:colcon.colcon_core.environment:checking '/home/toffanetto/subjects/im420x/micro-ros/install/command_stm32_leds' for CMake config files
[4.125s] Level 1:colcon.colcon_core.environment:checking '/home/toffanetto/subjects/im420x/micro-ros/install/command_stm32_leds/bin'
[4.125s] Level 1:colcon.colcon_core.environment:checking '/home/toffanetto/subjects/im420x/micro-ros/install/command_stm32_leds/lib/pkgconfig/command_stm32_leds.pc'
[4.125s] Level 1:colcon.colcon_core.environment:checking '/home/toffanetto/subjects/im420x/micro-ros/install/command_stm32_leds/lib/python3.10/site-packages'
[4.125s] Level 1:colcon.colcon_core.environment:checking '/home/toffanetto/subjects/im420x/micro-ros/install/command_stm32_leds/bin'
[4.126s] INFO:colcon.colcon_core.shell:Creating package script '/home/toffanetto/subjects/im420x/micro-ros/install/command_stm32_leds/share/command_stm32_leds/package.ps1'
[4.127s] INFO:colcon.colcon_core.shell:Creating package descriptor '/home/toffanetto/subjects/im420x/micro-ros/install/command_stm32_leds/share/command_stm32_leds/package.dsv'
[4.128s] INFO:colcon.colcon_core.shell:Creating package script '/home/toffanetto/subjects/im420x/micro-ros/install/command_stm32_leds/share/command_stm32_leds/package.sh'
[4.129s] INFO:colcon.colcon_core.shell:Creating package script '/home/toffanetto/subjects/im420x/micro-ros/install/command_stm32_leds/share/command_stm32_leds/package.bash'
[4.130s] INFO:colcon.colcon_core.shell:Creating package script '/home/toffanetto/subjects/im420x/micro-ros/install/command_stm32_leds/share/command_stm32_leds/package.zsh'
[4.130s] Level 1:colcon.colcon_core.environment:create_file_with_runtime_dependencies(/home/toffanetto/subjects/im420x/micro-ros/install/command_stm32_leds/share/colcon-core/packages/command_stm32_leds)
[4.141s] DEBUG:colcon.colcon_parallel_executor.executor.parallel:closing loop
[4.141s] DEBUG:colcon.colcon_parallel_executor.executor.parallel:loop closed
[4.142s] DEBUG:colcon.colcon_parallel_executor.executor.parallel:run_until_complete finished with '2'
[4.142s] DEBUG:colcon.colcon_core.event_reactor:joining thread
[4.148s] INFO:colcon.colcon_core.plugin_system:Skipping extension 'colcon_notification.desktop_notification.notify_send': Could not find 'notify-send'
[4.149s] INFO:colcon.colcon_core.plugin_system:Skipping extension 'colcon_notification.desktop_notification.terminal_notifier': Not used on non-Darwin systems
[4.149s] INFO:colcon.colcon_core.plugin_system:Skipping extension 'colcon_notification.desktop_notification.win32': Not used on non-Windows systems
[4.149s] INFO:colcon.colcon_notification.desktop_notification:Sending desktop notification using 'notify2'
[4.210s] DEBUG:colcon.colcon_core.event_reactor:joined thread
[4.210s] INFO:colcon.colcon_core.shell:Creating prefix script '/home/toffanetto/subjects/im420x/micro-ros/install/local_setup.ps1'
[4.212s] INFO:colcon.colcon_core.shell:Creating prefix util module '/home/toffanetto/subjects/im420x/micro-ros/install/_local_setup_util_ps1.py'
[4.214s] INFO:colcon.colcon_core.shell:Creating prefix chain script '/home/toffanetto/subjects/im420x/micro-ros/install/setup.ps1'
[4.215s] INFO:colcon.colcon_core.shell:Creating prefix script '/home/toffanetto/subjects/im420x/micro-ros/install/local_setup.sh'
[4.216s] INFO:colcon.colcon_core.shell:Creating prefix util module '/home/toffanetto/subjects/im420x/micro-ros/install/_local_setup_util_sh.py'
[4.216s] INFO:colcon.colcon_core.shell:Creating prefix chain script '/home/toffanetto/subjects/im420x/micro-ros/install/setup.sh'
[4.217s] INFO:colcon.colcon_core.shell:Creating prefix script '/home/toffanetto/subjects/im420x/micro-ros/install/local_setup.bash'
[4.218s] INFO:colcon.colcon_core.shell:Creating prefix chain script '/home/toffanetto/subjects/im420x/micro-ros/install/setup.bash'
[4.219s] INFO:colcon.colcon_core.shell:Creating prefix script '/home/toffanetto/subjects/im420x/micro-ros/install/local_setup.zsh'
[4.220s] INFO:colcon.colcon_core.shell:Creating prefix chain script '/home/toffanetto/subjects/im420x/micro-ros/install/setup.zsh'
